2025-08-07 11:01:18 [INFO] HTTP Request: POST https://dashscope.aliyuncs.com/compatible-mode/v1/chat/completions "HTTP/1.1 400 Bad Request"
2025-08-07 11:01:18 [ERROR] 第1条请求出错：Error code: 400 - {'error': {'code': 'invalid_parameter_error', 'param': None, 'message': 'parameter.enable_thinking must be set to false for non-streaming calls', 'type': 'invalid_request_error'}, 'id': 'chatcmpl-25f17c29-ebb4-96a8-b88d-71bae0669432', 'request_id': '25f17c29-ebb4-96a8-b88d-71bae0669432'}，已跳过。
2025-08-07 11:01:18 [INFO] HTTP Request: POST https://dashscope.aliyuncs.com/compatible-mode/v1/chat/completions "HTTP/1.1 400 Bad Request"
2025-08-07 11:01:18 [ERROR] 第2条请求出错：Error code: 400 - {'error': {'code': 'invalid_parameter_error', 'param': None, 'message': 'parameter.enable_thinking must be set to false for non-streaming calls', 'type': 'invalid_request_error'}, 'id': 'chatcmpl-fd7a3a79-fb55-9d42-ae13-899114af065d', 'request_id': 'fd7a3a79-fb55-9d42-ae13-899114af065d'}，已跳过。
2025-08-07 11:01:18 [INFO] HTTP Request: POST https://dashscope.aliyuncs.com/compatible-mode/v1/chat/completions "HTTP/1.1 400 Bad Request"
2025-08-07 11:01:18 [ERROR] 第3条请求出错：Error code: 400 - {'error': {'code': 'invalid_parameter_error', 'param': None, 'message': 'parameter.enable_thinking must be set to false for non-streaming calls', 'type': 'invalid_request_error'}, 'id': 'chatcmpl-89f2b1f7-aa9d-9671-8bab-7dc54477c7ac', 'request_id': '89f2b1f7-aa9d-9671-8bab-7dc54477c7ac'}，已跳过。
2025-08-07 11:01:18 [INFO] HTTP Request: POST https://dashscope.aliyuncs.com/compatible-mode/v1/chat/completions "HTTP/1.1 400 Bad Request"
2025-08-07 11:01:18 [ERROR] 第4条请求出错：Error code: 400 - {'error': {'code': 'invalid_parameter_error', 'param': None, 'message': 'parameter.enable_thinking must be set to false for non-streaming calls', 'type': 'invalid_request_error'}, 'id': 'chatcmpl-409b540a-dbf7-9768-97e0-84058b7131a9', 'request_id': '409b540a-dbf7-9768-97e0-84058b7131a9'}，已跳过。
2025-08-07 11:01:18 [INFO] HTTP Request: POST https://dashscope.aliyuncs.com/compatible-mode/v1/chat/completions "HTTP/1.1 400 Bad Request"
2025-08-07 11:01:18 [ERROR] 第5条请求出错：Error code: 400 - {'error': {'code': 'invalid_parameter_error', 'param': None, 'message': 'parameter.enable_thinking must be set to false for non-streaming calls', 'type': 'invalid_request_error'}, 'id': 'chatcmpl-5a81aa91-bffc-9541-8049-b21a2b75a889', 'request_id': '5a81aa91-bffc-9541-8049-b21a2b75a889'}，已跳过。
2025-08-07 11:01:19 [INFO] HTTP Request: POST https://dashscope.aliyuncs.com/compatible-mode/v1/chat/completions "HTTP/1.1 400 Bad Request"
2025-08-07 11:01:19 [ERROR] 第6条请求出错：Error code: 400 - {'error': {'code': 'invalid_parameter_error', 'param': None, 'message': 'parameter.enable_thinking must be set to false for non-streaming calls', 'type': 'invalid_request_error'}, 'id': 'chatcmpl-db280dc2-fe18-9732-bfad-e74712afc558', 'request_id': 'db280dc2-fe18-9732-bfad-e74712afc558'}，已跳过。
2025-08-07 11:01:19 [INFO] HTTP Request: POST https://dashscope.aliyuncs.com/compatible-mode/v1/chat/completions "HTTP/1.1 400 Bad Request"
2025-08-07 11:01:19 [ERROR] 第7条请求出错：Error code: 400 - {'error': {'code': 'invalid_parameter_error', 'param': None, 'message': 'parameter.enable_thinking must be set to false for non-streaming calls', 'type': 'invalid_request_error'}, 'id': 'chatcmpl-1906c248-c112-9318-9497-3fc252cd1434', 'request_id': '1906c248-c112-9318-9497-3fc252cd1434'}，已跳过。
2025-08-07 11:01:19 [INFO] HTTP Request: POST https://dashscope.aliyuncs.com/compatible-mode/v1/chat/completions "HTTP/1.1 400 Bad Request"
2025-08-07 11:01:19 [ERROR] 第8条请求出错：Error code: 400 - {'error': {'code': 'invalid_parameter_error', 'param': None, 'message': 'parameter.enable_thinking must be set to false for non-streaming calls', 'type': 'invalid_request_error'}, 'id': 'chatcmpl-015df5c1-9167-92b7-a7ca-6f4528fb011b', 'request_id': '015df5c1-9167-92b7-a7ca-6f4528fb011b'}，已跳过。
2025-08-07 11:01:19 [INFO] HTTP Request: POST https://dashscope.aliyuncs.com/compatible-mode/v1/chat/completions "HTTP/1.1 400 Bad Request"
2025-08-07 11:01:19 [ERROR] 第9条请求出错：Error code: 400 - {'error': {'code': 'invalid_parameter_error', 'param': None, 'message': 'parameter.enable_thinking must be set to false for non-streaming calls', 'type': 'invalid_request_error'}, 'id': 'chatcmpl-6e7008f0-9e91-9b91-9832-03f7e787f12b', 'request_id': '6e7008f0-9e91-9b91-9832-03f7e787f12b'}，已跳过。
2025-08-07 11:01:19 [INFO] HTTP Request: POST https://dashscope.aliyuncs.com/compatible-mode/v1/chat/completions "HTTP/1.1 400 Bad Request"
2025-08-07 11:01:19 [ERROR] 第10条请求出错：Error code: 400 - {'error': {'code': 'invalid_parameter_error', 'param': None, 'message': 'parameter.enable_thinking must be set to false for non-streaming calls', 'type': 'invalid_request_error'}, 'id': 'chatcmpl-6ed7178b-c27a-9e41-80b3-6b137c9b33c9', 'request_id': '6ed7178b-c27a-9e41-80b3-6b137c9b33c9'}，已跳过。
2025-08-07 11:01:20 [INFO] HTTP Request: POST https://dashscope.aliyuncs.com/compatible-mode/v1/chat/completions "HTTP/1.1 400 Bad Request"
2025-08-07 11:01:20 [ERROR] 第11条请求出错：Error code: 400 - {'error': {'code': 'invalid_parameter_error', 'param': None, 'message': 'parameter.enable_thinking must be set to false for non-streaming calls', 'type': 'invalid_request_error'}, 'id': 'chatcmpl-fcae51e2-22cc-98db-b41e-ab885ff517ca', 'request_id': 'fcae51e2-22cc-98db-b41e-ab885ff517ca'}，已跳过。
2025-08-07 11:01:20 [INFO] HTTP Request: POST https://dashscope.aliyuncs.com/compatible-mode/v1/chat/completions "HTTP/1.1 400 Bad Request"
2025-08-07 11:01:20 [ERROR] 第12条请求出错：Error code: 400 - {'error': {'code': 'invalid_parameter_error', 'param': None, 'message': 'parameter.enable_thinking must be set to false for non-streaming calls', 'type': 'invalid_request_error'}, 'id': 'chatcmpl-c00f2b9d-eb96-92f9-b948-2b1ad4f4cbf2', 'request_id': 'c00f2b9d-eb96-92f9-b948-2b1ad4f4cbf2'}，已跳过。
2025-08-07 11:01:20 [INFO] HTTP Request: POST https://dashscope.aliyuncs.com/compatible-mode/v1/chat/completions "HTTP/1.1 400 Bad Request"
2025-08-07 11:01:20 [ERROR] 第13条请求出错：Error code: 400 - {'error': {'code': 'invalid_parameter_error', 'param': None, 'message': 'parameter.enable_thinking must be set to false for non-streaming calls', 'type': 'invalid_request_error'}, 'id': 'chatcmpl-3f736761-4773-9de7-ad73-14730d2f96d2', 'request_id': '3f736761-4773-9de7-ad73-14730d2f96d2'}，已跳过。
2025-08-07 11:01:20 [INFO] HTTP Request: POST https://dashscope.aliyuncs.com/compatible-mode/v1/chat/completions "HTTP/1.1 400 Bad Request"
2025-08-07 11:01:20 [ERROR] 第14条请求出错：Error code: 400 - {'error': {'code': 'invalid_parameter_error', 'param': None, 'message': 'parameter.enable_thinking must be set to false for non-streaming calls', 'type': 'invalid_request_error'}, 'id': 'chatcmpl-63b7cffa-bab0-9c02-a152-cf28c7360d16', 'request_id': '63b7cffa-bab0-9c02-a152-cf28c7360d16'}，已跳过。
2025-08-07 11:01:20 [INFO] HTTP Request: POST https://dashscope.aliyuncs.com/compatible-mode/v1/chat/completions "HTTP/1.1 400 Bad Request"
2025-08-07 11:01:20 [ERROR] 第15条请求出错：Error code: 400 - {'error': {'code': 'invalid_parameter_error', 'param': None, 'message': 'parameter.enable_thinking must be set to false for non-streaming calls', 'type': 'invalid_request_error'}, 'id': 'chatcmpl-3f55ced4-8783-9f2f-97a4-2f01d22043a9', 'request_id': '3f55ced4-8783-9f2f-97a4-2f01d22043a9'}，已跳过。
2025-08-07 11:01:20 [INFO] HTTP Request: POST https://dashscope.aliyuncs.com/compatible-mode/v1/chat/completions "HTTP/1.1 400 Bad Request"
2025-08-07 11:01:20 [ERROR] 第16条请求出错：Error code: 400 - {'error': {'code': 'invalid_parameter_error', 'param': None, 'message': 'parameter.enable_thinking must be set to false for non-streaming calls', 'type': 'invalid_request_error'}, 'id': 'chatcmpl-47607aed-9cf8-9725-b68c-2b617f7a4f3a', 'request_id': '47607aed-9cf8-9725-b68c-2b617f7a4f3a'}，已跳过。
2025-08-07 11:01:20 [INFO] HTTP Request: POST https://dashscope.aliyuncs.com/compatible-mode/v1/chat/completions "HTTP/1.1 400 Bad Request"
2025-08-07 11:01:20 [ERROR] 第17条请求出错：Error code: 400 - {'error': {'code': 'invalid_parameter_error', 'param': None, 'message': 'parameter.enable_thinking must be set to false for non-streaming calls', 'type': 'invalid_request_error'}, 'id': 'chatcmpl-21c3b98b-40d9-9e4b-a42b-e5d575708fea', 'request_id': '21c3b98b-40d9-9e4b-a42b-e5d575708fea'}，已跳过。
2025-08-07 11:01:21 [INFO] HTTP Request: POST https://dashscope.aliyuncs.com/compatible-mode/v1/chat/completions "HTTP/1.1 400 Bad Request"
2025-08-07 11:01:21 [ERROR] 第18条请求出错：Error code: 400 - {'error': {'code': 'invalid_parameter_error', 'param': None, 'message': 'parameter.enable_thinking must be set to false for non-streaming calls', 'type': 'invalid_request_error'}, 'id': 'chatcmpl-3fd4184b-21f0-9fee-bc33-fc939a5a75aa', 'request_id': '3fd4184b-21f0-9fee-bc33-fc939a5a75aa'}，已跳过。
2025-08-07 11:01:21 [INFO] HTTP Request: POST https://dashscope.aliyuncs.com/compatible-mode/v1/chat/completions "HTTP/1.1 400 Bad Request"
2025-08-07 11:01:21 [ERROR] 第19条请求出错：Error code: 400 - {'error': {'code': 'invalid_parameter_error', 'param': None, 'message': 'parameter.enable_thinking must be set to false for non-streaming calls', 'type': 'invalid_request_error'}, 'id': 'chatcmpl-b4a8db4a-b713-9e72-b064-c83f41705390', 'request_id': 'b4a8db4a-b713-9e72-b064-c83f41705390'}，已跳过。
2025-08-07 11:01:21 [INFO] HTTP Request: POST https://dashscope.aliyuncs.com/compatible-mode/v1/chat/completions "HTTP/1.1 400 Bad Request"
2025-08-07 11:01:21 [ERROR] 第20条请求出错：Error code: 400 - {'error': {'code': 'invalid_parameter_error', 'param': None, 'message': 'parameter.enable_thinking must be set to false for non-streaming calls', 'type': 'invalid_request_error'}, 'id': 'chatcmpl-a422801f-6b83-9aba-8eed-9dabcbd37939', 'request_id': 'a422801f-6b83-9aba-8eed-9dabcbd37939'}，已跳过。
2025-08-07 11:01:21 [INFO] HTTP Request: POST https://dashscope.aliyuncs.com/compatible-mode/v1/chat/completions "HTTP/1.1 400 Bad Request"
2025-08-07 11:01:21 [ERROR] 第21条请求出错：Error code: 400 - {'error': {'code': 'invalid_parameter_error', 'param': None, 'message': 'parameter.enable_thinking must be set to false for non-streaming calls', 'type': 'invalid_request_error'}, 'id': 'chatcmpl-b1963410-46de-9caf-904c-889a6191c019', 'request_id': 'b1963410-46de-9caf-904c-889a6191c019'}，已跳过。
2025-08-07 11:01:21 [INFO] HTTP Request: POST https://dashscope.aliyuncs.com/compatible-mode/v1/chat/completions "HTTP/1.1 400 Bad Request"
2025-08-07 11:01:21 [ERROR] 第22条请求出错：Error code: 400 - {'error': {'code': 'invalid_parameter_error', 'param': None, 'message': 'parameter.enable_thinking must be set to false for non-streaming calls', 'type': 'invalid_request_error'}, 'id': 'chatcmpl-9aa78bc6-934c-9670-809a-919f89657e3b', 'request_id': '9aa78bc6-934c-9670-809a-919f89657e3b'}，已跳过。
2025-08-07 11:01:22 [INFO] HTTP Request: POST https://dashscope.aliyuncs.com/compatible-mode/v1/chat/completions "HTTP/1.1 400 Bad Request"
2025-08-07 11:01:22 [ERROR] 第23条请求出错：Error code: 400 - {'error': {'code': 'invalid_parameter_error', 'param': None, 'message': 'parameter.enable_thinking must be set to false for non-streaming calls', 'type': 'invalid_request_error'}, 'id': 'chatcmpl-785d741b-95ef-90e6-96e9-50fc1a031838', 'request_id': '785d741b-95ef-90e6-96e9-50fc1a031838'}，已跳过。
2025-08-07 11:01:22 [INFO] HTTP Request: POST https://dashscope.aliyuncs.com/compatible-mode/v1/chat/completions "HTTP/1.1 400 Bad Request"
2025-08-07 11:01:22 [ERROR] 第24条请求出错：Error code: 400 - {'error': {'code': 'invalid_parameter_error', 'param': None, 'message': 'parameter.enable_thinking must be set to false for non-streaming calls', 'type': 'invalid_request_error'}, 'id': 'chatcmpl-d0479190-8c6a-9b25-929f-9f9fbe06c60e', 'request_id': 'd0479190-8c6a-9b25-929f-9f9fbe06c60e'}，已跳过。
2025-08-07 11:01:22 [INFO] HTTP Request: POST https://dashscope.aliyuncs.com/compatible-mode/v1/chat/completions "HTTP/1.1 400 Bad Request"
2025-08-07 11:01:22 [ERROR] 第25条请求出错：Error code: 400 - {'error': {'code': 'invalid_parameter_error', 'param': None, 'message': 'parameter.enable_thinking must be set to false for non-streaming calls', 'type': 'invalid_request_error'}, 'id': 'chatcmpl-5214ba40-37be-933f-9222-0cc810176219', 'request_id': '5214ba40-37be-933f-9222-0cc810176219'}，已跳过。
2025-08-07 11:01:22 [INFO] HTTP Request: POST https://dashscope.aliyuncs.com/compatible-mode/v1/chat/completions "HTTP/1.1 400 Bad Request"
2025-08-07 11:01:22 [ERROR] 第26条请求出错：Error code: 400 - {'error': {'code': 'invalid_parameter_error', 'param': None, 'message': 'parameter.enable_thinking must be set to false for non-streaming calls', 'type': 'invalid_request_error'}, 'id': 'chatcmpl-6fc1214a-9221-982c-a7f5-ed6518972bee', 'request_id': '6fc1214a-9221-982c-a7f5-ed6518972bee'}，已跳过。
2025-08-07 11:01:22 [INFO] HTTP Request: POST https://dashscope.aliyuncs.com/compatible-mode/v1/chat/completions "HTTP/1.1 400 Bad Request"
2025-08-07 11:01:22 [ERROR] 第27条请求出错：Error code: 400 - {'error': {'code': 'invalid_parameter_error', 'param': None, 'message': 'parameter.enable_thinking must be set to false for non-streaming calls', 'type': 'invalid_request_error'}, 'id': 'chatcmpl-b6d6972b-7d00-9aa4-994c-0927c4ec3cbf', 'request_id': 'b6d6972b-7d00-9aa4-994c-0927c4ec3cbf'}，已跳过。
2025-08-07 11:01:22 [INFO] HTTP Request: POST https://dashscope.aliyuncs.com/compatible-mode/v1/chat/completions "HTTP/1.1 400 Bad Request"
2025-08-07 11:01:22 [ERROR] 第28条请求出错：Error code: 400 - {'error': {'code': 'invalid_parameter_error', 'param': None, 'message': 'parameter.enable_thinking must be set to false for non-streaming calls', 'type': 'invalid_request_error'}, 'id': 'chatcmpl-77a80207-f1b4-9b0a-b12a-9cf4d4cb7d9d', 'request_id': '77a80207-f1b4-9b0a-b12a-9cf4d4cb7d9d'}，已跳过。
2025-08-07 11:01:23 [INFO] HTTP Request: POST https://dashscope.aliyuncs.com/compatible-mode/v1/chat/completions "HTTP/1.1 400 Bad Request"
2025-08-07 11:01:23 [ERROR] 第29条请求出错：Error code: 400 - {'error': {'code': 'invalid_parameter_error', 'param': None, 'message': 'parameter.enable_thinking must be set to false for non-streaming calls', 'type': 'invalid_request_error'}, 'id': 'chatcmpl-55cb23d2-acca-99b5-b887-56d556df0f60', 'request_id': '55cb23d2-acca-99b5-b887-56d556df0f60'}，已跳过。
2025-08-07 11:01:23 [INFO] HTTP Request: POST https://dashscope.aliyuncs.com/compatible-mode/v1/chat/completions "HTTP/1.1 400 Bad Request"
2025-08-07 11:01:23 [ERROR] 第30条请求出错：Error code: 400 - {'error': {'code': 'invalid_parameter_error', 'param': None, 'message': 'parameter.enable_thinking must be set to false for non-streaming calls', 'type': 'invalid_request_error'}, 'id': 'chatcmpl-4e6503eb-685d-9ce2-9e62-628d04a87845', 'request_id': '4e6503eb-685d-9ce2-9e62-628d04a87845'}，已跳过。
2025-08-07 11:01:23 [INFO] HTTP Request: POST https://dashscope.aliyuncs.com/compatible-mode/v1/chat/completions "HTTP/1.1 400 Bad Request"
2025-08-07 11:01:23 [ERROR] 第31条请求出错：Error code: 400 - {'error': {'code': 'invalid_parameter_error', 'param': None, 'message': 'parameter.enable_thinking must be set to false for non-streaming calls', 'type': 'invalid_request_error'}, 'id': 'chatcmpl-3a448fd5-ed0f-90cd-8816-3598184078cf', 'request_id': '3a448fd5-ed0f-90cd-8816-3598184078cf'}，已跳过。
2025-08-07 11:01:23 [INFO] HTTP Request: POST https://dashscope.aliyuncs.com/compatible-mode/v1/chat/completions "HTTP/1.1 400 Bad Request"
2025-08-07 11:01:23 [ERROR] 第32条请求出错：Error code: 400 - {'error': {'code': 'invalid_parameter_error', 'param': None, 'message': 'parameter.enable_thinking must be set to false for non-streaming calls', 'type': 'invalid_request_error'}, 'id': 'chatcmpl-a2966e3f-90fe-9266-9a1e-2b639c3b00d1', 'request_id': 'a2966e3f-90fe-9266-9a1e-2b639c3b00d1'}，已跳过。
2025-08-07 11:01:23 [INFO] HTTP Request: POST https://dashscope.aliyuncs.com/compatible-mode/v1/chat/completions "HTTP/1.1 400 Bad Request"
2025-08-07 11:01:23 [ERROR] 第33条请求出错：Error code: 400 - {'error': {'code': 'invalid_parameter_error', 'param': None, 'message': 'parameter.enable_thinking must be set to false for non-streaming calls', 'type': 'invalid_request_error'}, 'id': 'chatcmpl-1bc86c9f-73a4-91d0-ab9f-6bfb09cf76c0', 'request_id': '1bc86c9f-73a4-91d0-ab9f-6bfb09cf76c0'}，已跳过。
2025-08-07 11:01:23 [INFO] HTTP Request: POST https://dashscope.aliyuncs.com/compatible-mode/v1/chat/completions "HTTP/1.1 400 Bad Request"
2025-08-07 11:01:23 [ERROR] 第34条请求出错：Error code: 400 - {'error': {'code': 'invalid_parameter_error', 'param': None, 'message': 'parameter.enable_thinking must be set to false for non-streaming calls', 'type': 'invalid_request_error'}, 'id': 'chatcmpl-7e75e629-d12e-90c4-9c4d-94417c138f11', 'request_id': '7e75e629-d12e-90c4-9c4d-94417c138f11'}，已跳过。
2025-08-07 11:01:24 [INFO] HTTP Request: POST https://dashscope.aliyuncs.com/compatible-mode/v1/chat/completions "HTTP/1.1 400 Bad Request"
2025-08-07 11:01:24 [ERROR] 第35条请求出错：Error code: 400 - {'error': {'code': 'invalid_parameter_error', 'param': None, 'message': 'parameter.enable_thinking must be set to false for non-streaming calls', 'type': 'invalid_request_error'}, 'id': 'chatcmpl-118ea2ea-037d-9f34-9689-89adabe3273f', 'request_id': '118ea2ea-037d-9f34-9689-89adabe3273f'}，已跳过。
2025-08-07 11:01:24 [INFO] HTTP Request: POST https://dashscope.aliyuncs.com/compatible-mode/v1/chat/completions "HTTP/1.1 400 Bad Request"
2025-08-07 11:01:24 [ERROR] 第36条请求出错：Error code: 400 - {'error': {'code': 'invalid_parameter_error', 'param': None, 'message': 'parameter.enable_thinking must be set to false for non-streaming calls', 'type': 'invalid_request_error'}, 'id': 'chatcmpl-d29db277-946e-9280-93ed-f9894ff07b89', 'request_id': 'd29db277-946e-9280-93ed-f9894ff07b89'}，已跳过。
2025-08-07 11:01:24 [INFO] HTTP Request: POST https://dashscope.aliyuncs.com/compatible-mode/v1/chat/completions "HTTP/1.1 400 Bad Request"
2025-08-07 11:01:24 [ERROR] 第37条请求出错：Error code: 400 - {'error': {'code': 'invalid_parameter_error', 'param': None, 'message': 'parameter.enable_thinking must be set to false for non-streaming calls', 'type': 'invalid_request_error'}, 'id': 'chatcmpl-0b17215e-7f74-9265-b7f3-3b50d8eb04dc', 'request_id': '0b17215e-7f74-9265-b7f3-3b50d8eb04dc'}，已跳过。
2025-08-07 11:01:24 [INFO] HTTP Request: POST https://dashscope.aliyuncs.com/compatible-mode/v1/chat/completions "HTTP/1.1 400 Bad Request"
2025-08-07 11:01:24 [ERROR] 第38条请求出错：Error code: 400 - {'error': {'code': 'invalid_parameter_error', 'param': None, 'message': 'parameter.enable_thinking must be set to false for non-streaming calls', 'type': 'invalid_request_error'}, 'id': 'chatcmpl-40cbd10e-4bad-94d7-97f0-8226119bd409', 'request_id': '40cbd10e-4bad-94d7-97f0-8226119bd409'}，已跳过。
2025-08-07 11:01:25 [INFO] HTTP Request: POST https://dashscope.aliyuncs.com/compatible-mode/v1/chat/completions "HTTP/1.1 400 Bad Request"
2025-08-07 11:01:25 [ERROR] 第39条请求出错：Error code: 400 - {'error': {'code': 'invalid_parameter_error', 'param': None, 'message': 'parameter.enable_thinking must be set to false for non-streaming calls', 'type': 'invalid_request_error'}, 'id': 'chatcmpl-a5b93401-763c-9e36-ab3e-707bb59ea3c2', 'request_id': 'a5b93401-763c-9e36-ab3e-707bb59ea3c2'}，已跳过。
2025-08-07 11:01:25 [INFO] HTTP Request: POST https://dashscope.aliyuncs.com/compatible-mode/v1/chat/completions "HTTP/1.1 400 Bad Request"
2025-08-07 11:01:25 [ERROR] 第40条请求出错：Error code: 400 - {'error': {'code': 'invalid_parameter_error', 'param': None, 'message': 'parameter.enable_thinking must be set to false for non-streaming calls', 'type': 'invalid_request_error'}, 'id': 'chatcmpl-091227bb-2f55-92d9-af08-65aaa0dd75a3', 'request_id': '091227bb-2f55-92d9-af08-65aaa0dd75a3'}，已跳过。
2025-08-07 11:01:25 [INFO] HTTP Request: POST https://dashscope.aliyuncs.com/compatible-mode/v1/chat/completions "HTTP/1.1 400 Bad Request"
2025-08-07 11:01:25 [ERROR] 第41条请求出错：Error code: 400 - {'error': {'code': 'invalid_parameter_error', 'param': None, 'message': 'parameter.enable_thinking must be set to false for non-streaming calls', 'type': 'invalid_request_error'}, 'id': 'chatcmpl-aacbca83-47e0-95fb-9034-2022ada92c8f', 'request_id': 'aacbca83-47e0-95fb-9034-2022ada92c8f'}，已跳过。
2025-08-07 11:01:25 [INFO] HTTP Request: POST https://dashscope.aliyuncs.com/compatible-mode/v1/chat/completions "HTTP/1.1 400 Bad Request"
2025-08-07 11:01:25 [ERROR] 第42条请求出错：Error code: 400 - {'error': {'code': 'invalid_parameter_error', 'param': None, 'message': 'parameter.enable_thinking must be set to false for non-streaming calls', 'type': 'invalid_request_error'}, 'id': 'chatcmpl-f07269fd-ae79-96bc-a9f7-f2d7cea8aa50', 'request_id': 'f07269fd-ae79-96bc-a9f7-f2d7cea8aa50'}，已跳过。
2025-08-07 11:01:25 [INFO] HTTP Request: POST https://dashscope.aliyuncs.com/compatible-mode/v1/chat/completions "HTTP/1.1 400 Bad Request"
2025-08-07 11:01:25 [ERROR] 第43条请求出错：Error code: 400 - {'error': {'code': 'invalid_parameter_error', 'param': None, 'message': 'parameter.enable_thinking must be set to false for non-streaming calls', 'type': 'invalid_request_error'}, 'id': 'chatcmpl-6eda9084-b877-9cb6-b28d-3b2121148421', 'request_id': '6eda9084-b877-9cb6-b28d-3b2121148421'}，已跳过。
2025-08-07 11:01:25 [INFO] HTTP Request: POST https://dashscope.aliyuncs.com/compatible-mode/v1/chat/completions "HTTP/1.1 400 Bad Request"
2025-08-07 11:01:25 [ERROR] 第44条请求出错：Error code: 400 - {'error': {'code': 'invalid_parameter_error', 'param': None, 'message': 'parameter.enable_thinking must be set to false for non-streaming calls', 'type': 'invalid_request_error'}, 'id': 'chatcmpl-e3e89f56-636e-9682-acaf-83e49082d26a', 'request_id': 'e3e89f56-636e-9682-acaf-83e49082d26a'}，已跳过。
2025-08-07 11:01:25 [INFO] HTTP Request: POST https://dashscope.aliyuncs.com/compatible-mode/v1/chat/completions "HTTP/1.1 400 Bad Request"
2025-08-07 11:01:25 [ERROR] 第45条请求出错：Error code: 400 - {'error': {'code': 'invalid_parameter_error', 'param': None, 'message': 'parameter.enable_thinking must be set to false for non-streaming calls', 'type': 'invalid_request_error'}, 'id': 'chatcmpl-1d5ad2a1-f83d-9f94-9971-dc77231057fc', 'request_id': '1d5ad2a1-f83d-9f94-9971-dc77231057fc'}，已跳过。
2025-08-07 11:01:26 [INFO] HTTP Request: POST https://dashscope.aliyuncs.com/compatible-mode/v1/chat/completions "HTTP/1.1 400 Bad Request"
2025-08-07 11:01:26 [ERROR] 第46条请求出错：Error code: 400 - {'error': {'code': 'invalid_parameter_error', 'param': None, 'message': 'parameter.enable_thinking must be set to false for non-streaming calls', 'type': 'invalid_request_error'}, 'id': 'chatcmpl-3fb79fce-42fd-9c9e-b9bb-69ec35161654', 'request_id': '3fb79fce-42fd-9c9e-b9bb-69ec35161654'}，已跳过。
2025-08-07 11:01:26 [INFO] HTTP Request: POST https://dashscope.aliyuncs.com/compatible-mode/v1/chat/completions "HTTP/1.1 400 Bad Request"
2025-08-07 11:01:26 [ERROR] 第47条请求出错：Error code: 400 - {'error': {'code': 'invalid_parameter_error', 'param': None, 'message': 'parameter.enable_thinking must be set to false for non-streaming calls', 'type': 'invalid_request_error'}, 'id': 'chatcmpl-8b24448f-0ca8-9426-a7f5-c4ad0e02a854', 'request_id': '8b24448f-0ca8-9426-a7f5-c4ad0e02a854'}，已跳过。
2025-08-07 11:01:26 [INFO] HTTP Request: POST https://dashscope.aliyuncs.com/compatible-mode/v1/chat/completions "HTTP/1.1 400 Bad Request"
2025-08-07 11:01:26 [ERROR] 第48条请求出错：Error code: 400 - {'error': {'code': 'invalid_parameter_error', 'param': None, 'message': 'parameter.enable_thinking must be set to false for non-streaming calls', 'type': 'invalid_request_error'}, 'id': 'chatcmpl-586981d5-158c-9861-83bd-8f4a3d79c65a', 'request_id': '586981d5-158c-9861-83bd-8f4a3d79c65a'}，已跳过。
2025-08-07 11:01:26 [INFO] HTTP Request: POST https://dashscope.aliyuncs.com/compatible-mode/v1/chat/completions "HTTP/1.1 400 Bad Request"
2025-08-07 11:01:26 [ERROR] 第49条请求出错：Error code: 400 - {'error': {'code': 'invalid_parameter_error', 'param': None, 'message': 'parameter.enable_thinking must be set to false for non-streaming calls', 'type': 'invalid_request_error'}, 'id': 'chatcmpl-7c776613-0cc3-98bf-9268-f73130a86c5c', 'request_id': '7c776613-0cc3-98bf-9268-f73130a86c5c'}，已跳过。
2025-08-07 11:01:26 [INFO] HTTP Request: POST https://dashscope.aliyuncs.com/compatible-mode/v1/chat/completions "HTTP/1.1 400 Bad Request"
2025-08-07 11:01:26 [ERROR] 第50条请求出错：Error code: 400 - {'error': {'code': 'invalid_parameter_error', 'param': None, 'message': 'parameter.enable_thinking must be set to false for non-streaming calls', 'type': 'invalid_request_error'}, 'id': 'chatcmpl-92222638-a7ac-9779-9a7a-4cf25c3b3de4', 'request_id': '92222638-a7ac-9779-9a7a-4cf25c3b3de4'}，已跳过。
2025-08-07 11:01:27 [INFO] HTTP Request: POST https://dashscope.aliyuncs.com/compatible-mode/v1/chat/completions "HTTP/1.1 400 Bad Request"
2025-08-07 11:01:27 [ERROR] 第51条请求出错：Error code: 400 - {'error': {'code': 'invalid_parameter_error', 'param': None, 'message': 'parameter.enable_thinking must be set to false for non-streaming calls', 'type': 'invalid_request_error'}, 'id': 'chatcmpl-62e1d1f7-2133-9116-b3a5-b14f522ad050', 'request_id': '62e1d1f7-2133-9116-b3a5-b14f522ad050'}，已跳过。
2025-08-07 11:01:27 [INFO] HTTP Request: POST https://dashscope.aliyuncs.com/compatible-mode/v1/chat/completions "HTTP/1.1 400 Bad Request"
2025-08-07 11:01:27 [ERROR] 第52条请求出错：Error code: 400 - {'error': {'code': 'invalid_parameter_error', 'param': None, 'message': 'parameter.enable_thinking must be set to false for non-streaming calls', 'type': 'invalid_request_error'}, 'id': 'chatcmpl-55780896-50d9-9ed7-acb0-906a5a362800', 'request_id': '55780896-50d9-9ed7-acb0-906a5a362800'}，已跳过。
2025-08-07 11:01:27 [INFO] HTTP Request: POST https://dashscope.aliyuncs.com/compatible-mode/v1/chat/completions "HTTP/1.1 400 Bad Request"
2025-08-07 11:01:27 [ERROR] 第53条请求出错：Error code: 400 - {'error': {'code': 'invalid_parameter_error', 'param': None, 'message': 'parameter.enable_thinking must be set to false for non-streaming calls', 'type': 'invalid_request_error'}, 'id': 'chatcmpl-9c37767d-70d5-95af-aff4-f020db08a08b', 'request_id': '9c37767d-70d5-95af-aff4-f020db08a08b'}，已跳过。
2025-08-07 11:01:27 [INFO] HTTP Request: POST https://dashscope.aliyuncs.com/compatible-mode/v1/chat/completions "HTTP/1.1 400 Bad Request"
2025-08-07 11:01:27 [ERROR] 第54条请求出错：Error code: 400 - {'error': {'code': 'invalid_parameter_error', 'param': None, 'message': 'parameter.enable_thinking must be set to false for non-streaming calls', 'type': 'invalid_request_error'}, 'id': 'chatcmpl-8fbe2c1f-5b90-9b99-bddd-09cd4b4578f8', 'request_id': '8fbe2c1f-5b90-9b99-bddd-09cd4b4578f8'}，已跳过。
2025-08-07 11:01:27 [INFO] HTTP Request: POST https://dashscope.aliyuncs.com/compatible-mode/v1/chat/completions "HTTP/1.1 400 Bad Request"
2025-08-07 11:01:27 [ERROR] 第55条请求出错：Error code: 400 - {'error': {'code': 'invalid_parameter_error', 'param': None, 'message': 'parameter.enable_thinking must be set to false for non-streaming calls', 'type': 'invalid_request_error'}, 'id': 'chatcmpl-2afbd6f9-3c4b-9248-b3f8-78d724d8b824', 'request_id': '2afbd6f9-3c4b-9248-b3f8-78d724d8b824'}，已跳过。
2025-08-07 11:01:27 [INFO] HTTP Request: POST https://dashscope.aliyuncs.com/compatible-mode/v1/chat/completions "HTTP/1.1 400 Bad Request"
2025-08-07 11:01:27 [ERROR] 第56条请求出错：Error code: 400 - {'error': {'code': 'invalid_parameter_error', 'param': None, 'message': 'parameter.enable_thinking must be set to false for non-streaming calls', 'type': 'invalid_request_error'}, 'id': 'chatcmpl-492abf31-d9ad-9193-b102-b91af0298987', 'request_id': '492abf31-d9ad-9193-b102-b91af0298987'}，已跳过。
2025-08-07 11:01:27 [INFO] HTTP Request: POST https://dashscope.aliyuncs.com/compatible-mode/v1/chat/completions "HTTP/1.1 400 Bad Request"
2025-08-07 11:01:27 [ERROR] 第57条请求出错：Error code: 400 - {'error': {'code': 'invalid_parameter_error', 'param': None, 'message': 'parameter.enable_thinking must be set to false for non-streaming calls', 'type': 'invalid_request_error'}, 'id': 'chatcmpl-4fc0c4dd-b952-9dca-99bd-7c691e0127ca', 'request_id': '4fc0c4dd-b952-9dca-99bd-7c691e0127ca'}，已跳过。
2025-08-07 11:01:28 [INFO] HTTP Request: POST https://dashscope.aliyuncs.com/compatible-mode/v1/chat/completions "HTTP/1.1 400 Bad Request"
2025-08-07 11:01:28 [ERROR] 第58条请求出错：Error code: 400 - {'error': {'code': 'invalid_parameter_error', 'param': None, 'message': 'parameter.enable_thinking must be set to false for non-streaming calls', 'type': 'invalid_request_error'}, 'id': 'chatcmpl-358c2e12-aae7-98fc-a0e0-b0706ede88f2', 'request_id': '358c2e12-aae7-98fc-a0e0-b0706ede88f2'}，已跳过。
2025-08-07 11:01:28 [INFO] HTTP Request: POST https://dashscope.aliyuncs.com/compatible-mode/v1/chat/completions "HTTP/1.1 400 Bad Request"
2025-08-07 11:01:28 [ERROR] 第59条请求出错：Error code: 400 - {'error': {'code': 'invalid_parameter_error', 'param': None, 'message': 'parameter.enable_thinking must be set to false for non-streaming calls', 'type': 'invalid_request_error'}, 'id': 'chatcmpl-336a4ff4-e2cc-9003-bb96-18cdb3655bd5', 'request_id': '336a4ff4-e2cc-9003-bb96-18cdb3655bd5'}，已跳过。
2025-08-07 11:01:28 [INFO] HTTP Request: POST https://dashscope.aliyuncs.com/compatible-mode/v1/chat/completions "HTTP/1.1 400 Bad Request"
2025-08-07 11:01:28 [ERROR] 第60条请求出错：Error code: 400 - {'error': {'code': 'invalid_parameter_error', 'param': None, 'message': 'parameter.enable_thinking must be set to false for non-streaming calls', 'type': 'invalid_request_error'}, 'id': 'chatcmpl-d63d9cee-f4b0-97e9-be8e-1369d577f53a', 'request_id': 'd63d9cee-f4b0-97e9-be8e-1369d577f53a'}，已跳过。
2025-08-07 11:01:28 [INFO] HTTP Request: POST https://dashscope.aliyuncs.com/compatible-mode/v1/chat/completions "HTTP/1.1 400 Bad Request"
2025-08-07 11:01:28 [ERROR] 第61条请求出错：Error code: 400 - {'error': {'code': 'invalid_parameter_error', 'param': None, 'message': 'parameter.enable_thinking must be set to false for non-streaming calls', 'type': 'invalid_request_error'}, 'id': 'chatcmpl-f49f8a0f-6678-9d23-a09f-f29f22d6aaee', 'request_id': 'f49f8a0f-6678-9d23-a09f-f29f22d6aaee'}，已跳过。
2025-08-07 11:01:28 [INFO] HTTP Request: POST https://dashscope.aliyuncs.com/compatible-mode/v1/chat/completions "HTTP/1.1 400 Bad Request"
2025-08-07 11:01:28 [ERROR] 第62条请求出错：Error code: 400 - {'error': {'code': 'invalid_parameter_error', 'param': None, 'message': 'parameter.enable_thinking must be set to false for non-streaming calls', 'type': 'invalid_request_error'}, 'id': 'chatcmpl-6ca6a23c-fc18-9341-9f2f-f50d4fe95fc5', 'request_id': '6ca6a23c-fc18-9341-9f2f-f50d4fe95fc5'}，已跳过。
2025-08-07 11:01:29 [INFO] HTTP Request: POST https://dashscope.aliyuncs.com/compatible-mode/v1/chat/completions "HTTP/1.1 400 Bad Request"
2025-08-07 11:01:29 [ERROR] 第63条请求出错：Error code: 400 - {'error': {'code': 'invalid_parameter_error', 'param': None, 'message': 'parameter.enable_thinking must be set to false for non-streaming calls', 'type': 'invalid_request_error'}, 'id': 'chatcmpl-a7605524-afa1-9f39-8d98-ad611cdc1aa5', 'request_id': 'a7605524-afa1-9f39-8d98-ad611cdc1aa5'}，已跳过。
2025-08-07 11:01:29 [INFO] HTTP Request: POST https://dashscope.aliyuncs.com/compatible-mode/v1/chat/completions "HTTP/1.1 400 Bad Request"
2025-08-07 11:01:29 [ERROR] 第64条请求出错：Error code: 400 - {'error': {'code': 'invalid_parameter_error', 'param': None, 'message': 'parameter.enable_thinking must be set to false for non-streaming calls', 'type': 'invalid_request_error'}, 'id': 'chatcmpl-0e8f7289-2a31-910f-bb32-7a95cddc8e38', 'request_id': '0e8f7289-2a31-910f-bb32-7a95cddc8e38'}，已跳过。
2025-08-07 11:01:29 [INFO] HTTP Request: POST https://dashscope.aliyuncs.com/compatible-mode/v1/chat/completions "HTTP/1.1 400 Bad Request"
2025-08-07 11:01:29 [ERROR] 第65条请求出错：Error code: 400 - {'error': {'code': 'invalid_parameter_error', 'param': None, 'message': 'parameter.enable_thinking must be set to false for non-streaming calls', 'type': 'invalid_request_error'}, 'id': 'chatcmpl-2bb2939a-bd2d-9505-b00b-d61c2dbb48b8', 'request_id': '2bb2939a-bd2d-9505-b00b-d61c2dbb48b8'}，已跳过。
2025-08-07 11:01:29 [INFO] HTTP Request: POST https://dashscope.aliyuncs.com/compatible-mode/v1/chat/completions "HTTP/1.1 400 Bad Request"
2025-08-07 11:01:29 [ERROR] 第66条请求出错：Error code: 400 - {'error': {'code': 'invalid_parameter_error', 'param': None, 'message': 'parameter.enable_thinking must be set to false for non-streaming calls', 'type': 'invalid_request_error'}, 'id': 'chatcmpl-ca5f4ea9-4f35-96a8-869b-53d1dbe46b12', 'request_id': 'ca5f4ea9-4f35-96a8-869b-53d1dbe46b12'}，已跳过。
2025-08-07 11:01:29 [INFO] HTTP Request: POST https://dashscope.aliyuncs.com/compatible-mode/v1/chat/completions "HTTP/1.1 400 Bad Request"
2025-08-07 11:01:29 [ERROR] 第67条请求出错：Error code: 400 - {'error': {'code': 'invalid_parameter_error', 'param': None, 'message': 'parameter.enable_thinking must be set to false for non-streaming calls', 'type': 'invalid_request_error'}, 'id': 'chatcmpl-237abaee-0b39-9001-9f61-e82c9cd3c086', 'request_id': '237abaee-0b39-9001-9f61-e82c9cd3c086'}，已跳过。
2025-08-07 11:01:29 [INFO] HTTP Request: POST https://dashscope.aliyuncs.com/compatible-mode/v1/chat/completions "HTTP/1.1 400 Bad Request"
2025-08-07 11:01:29 [ERROR] 第68条请求出错：Error code: 400 - {'error': {'code': 'invalid_parameter_error', 'param': None, 'message': 'parameter.enable_thinking must be set to false for non-streaming calls', 'type': 'invalid_request_error'}, 'id': 'chatcmpl-a02034bf-cf20-98f0-b1af-6d1633a96ef5', 'request_id': 'a02034bf-cf20-98f0-b1af-6d1633a96ef5'}，已跳过。
2025-08-07 11:01:29 [INFO] HTTP Request: POST https://dashscope.aliyuncs.com/compatible-mode/v1/chat/completions "HTTP/1.1 400 Bad Request"
2025-08-07 11:01:29 [ERROR] 第69条请求出错：Error code: 400 - {'error': {'code': 'invalid_parameter_error', 'param': None, 'message': 'parameter.enable_thinking must be set to false for non-streaming calls', 'type': 'invalid_request_error'}, 'id': 'chatcmpl-bd891848-c2ae-9260-b664-a06aca3a1a1c', 'request_id': 'bd891848-c2ae-9260-b664-a06aca3a1a1c'}，已跳过。
2025-08-07 11:01:30 [INFO] HTTP Request: POST https://dashscope.aliyuncs.com/compatible-mode/v1/chat/completions "HTTP/1.1 400 Bad Request"
2025-08-07 11:01:30 [ERROR] 第70条请求出错：Error code: 400 - {'error': {'code': 'invalid_parameter_error', 'param': None, 'message': 'parameter.enable_thinking must be set to false for non-streaming calls', 'type': 'invalid_request_error'}, 'id': 'chatcmpl-434c223c-9c2d-9beb-a6c3-85305ae1745e', 'request_id': '434c223c-9c2d-9beb-a6c3-85305ae1745e'}，已跳过。
2025-08-07 11:01:30 [INFO] HTTP Request: POST https://dashscope.aliyuncs.com/compatible-mode/v1/chat/completions "HTTP/1.1 400 Bad Request"
2025-08-07 11:01:30 [ERROR] 第71条请求出错：Error code: 400 - {'error': {'code': 'invalid_parameter_error', 'param': None, 'message': 'parameter.enable_thinking must be set to false for non-streaming calls', 'type': 'invalid_request_error'}, 'id': 'chatcmpl-a2d9c2fa-d3d4-9713-ad68-e0065489fbfa', 'request_id': 'a2d9c2fa-d3d4-9713-ad68-e0065489fbfa'}，已跳过。
2025-08-07 11:01:30 [INFO] HTTP Request: POST https://dashscope.aliyuncs.com/compatible-mode/v1/chat/completions "HTTP/1.1 400 Bad Request"
2025-08-07 11:01:30 [ERROR] 第72条请求出错：Error code: 400 - {'error': {'code': 'invalid_parameter_error', 'param': None, 'message': 'parameter.enable_thinking must be set to false for non-streaming calls', 'type': 'invalid_request_error'}, 'id': 'chatcmpl-864a9824-e361-9db2-981b-1fef172f56fb', 'request_id': '864a9824-e361-9db2-981b-1fef172f56fb'}，已跳过。
2025-08-07 11:01:30 [INFO] HTTP Request: POST https://dashscope.aliyuncs.com/compatible-mode/v1/chat/completions "HTTP/1.1 400 Bad Request"
2025-08-07 11:01:30 [ERROR] 第73条请求出错：Error code: 400 - {'error': {'code': 'invalid_parameter_error', 'param': None, 'message': 'parameter.enable_thinking must be set to false for non-streaming calls', 'type': 'invalid_request_error'}, 'id': 'chatcmpl-f37ad1c9-1860-96e5-b1df-b99c403f46c8', 'request_id': 'f37ad1c9-1860-96e5-b1df-b99c403f46c8'}，已跳过。
2025-08-07 11:01:30 [INFO] HTTP Request: POST https://dashscope.aliyuncs.com/compatible-mode/v1/chat/completions "HTTP/1.1 400 Bad Request"
2025-08-07 11:01:30 [ERROR] 第74条请求出错：Error code: 400 - {'error': {'code': 'invalid_parameter_error', 'param': None, 'message': 'parameter.enable_thinking must be set to false for non-streaming calls', 'type': 'invalid_request_error'}, 'id': 'chatcmpl-dfcb43cf-35d3-996d-8813-28e2eb7ceb8f', 'request_id': 'dfcb43cf-35d3-996d-8813-28e2eb7ceb8f'}，已跳过。
2025-08-07 11:01:30 [INFO] HTTP Request: POST https://dashscope.aliyuncs.com/compatible-mode/v1/chat/completions "HTTP/1.1 400 Bad Request"
2025-08-07 11:01:30 [ERROR] 第75条请求出错：Error code: 400 - {'error': {'code': 'invalid_parameter_error', 'param': None, 'message': 'parameter.enable_thinking must be set to false for non-streaming calls', 'type': 'invalid_request_error'}, 'id': 'chatcmpl-bfdb03a2-00da-97c0-9e26-378af512e112', 'request_id': 'bfdb03a2-00da-97c0-9e26-378af512e112'}，已跳过。
2025-08-07 11:01:31 [INFO] HTTP Request: POST https://dashscope.aliyuncs.com/compatible-mode/v1/chat/completions "HTTP/1.1 400 Bad Request"
2025-08-07 11:01:31 [ERROR] 第76条请求出错：Error code: 400 - {'error': {'code': 'invalid_parameter_error', 'param': None, 'message': 'parameter.enable_thinking must be set to false for non-streaming calls', 'type': 'invalid_request_error'}, 'id': 'chatcmpl-7ac159ac-9055-9266-ab33-80afd74913a2', 'request_id': '7ac159ac-9055-9266-ab33-80afd74913a2'}，已跳过。
2025-08-07 11:01:31 [INFO] HTTP Request: POST https://dashscope.aliyuncs.com/compatible-mode/v1/chat/completions "HTTP/1.1 400 Bad Request"
2025-08-07 11:01:31 [ERROR] 第77条请求出错：Error code: 400 - {'error': {'code': 'invalid_parameter_error', 'param': None, 'message': 'parameter.enable_thinking must be set to false for non-streaming calls', 'type': 'invalid_request_error'}, 'id': 'chatcmpl-8c090bf2-93d6-9421-8dba-2d95fcc20a68', 'request_id': '8c090bf2-93d6-9421-8dba-2d95fcc20a68'}，已跳过。
2025-08-07 11:01:31 [INFO] HTTP Request: POST https://dashscope.aliyuncs.com/compatible-mode/v1/chat/completions "HTTP/1.1 400 Bad Request"
2025-08-07 11:01:31 [ERROR] 第78条请求出错：Error code: 400 - {'error': {'code': 'invalid_parameter_error', 'param': None, 'message': 'parameter.enable_thinking must be set to false for non-streaming calls', 'type': 'invalid_request_error'}, 'id': 'chatcmpl-d713d3fe-864c-92af-aa16-6e3ffb7aa46c', 'request_id': 'd713d3fe-864c-92af-aa16-6e3ffb7aa46c'}，已跳过。
2025-08-07 11:01:31 [INFO] HTTP Request: POST https://dashscope.aliyuncs.com/compatible-mode/v1/chat/completions "HTTP/1.1 400 Bad Request"
2025-08-07 11:01:31 [ERROR] 第79条请求出错：Error code: 400 - {'error': {'code': 'invalid_parameter_error', 'param': None, 'message': 'parameter.enable_thinking must be set to false for non-streaming calls', 'type': 'invalid_request_error'}, 'id': 'chatcmpl-5644a19f-2a25-9f99-bfe5-05974fe3617b', 'request_id': '5644a19f-2a25-9f99-bfe5-05974fe3617b'}，已跳过。
2025-08-07 11:01:31 [INFO] HTTP Request: POST https://dashscope.aliyuncs.com/compatible-mode/v1/chat/completions "HTTP/1.1 400 Bad Request"
2025-08-07 11:01:31 [ERROR] 第80条请求出错：Error code: 400 - {'error': {'code': 'invalid_parameter_error', 'param': None, 'message': 'parameter.enable_thinking must be set to false for non-streaming calls', 'type': 'invalid_request_error'}, 'id': 'chatcmpl-79a1d261-1fae-9861-bc13-14cc536f18fe', 'request_id': '79a1d261-1fae-9861-bc13-14cc536f18fe'}，已跳过。
2025-08-07 11:01:31 [INFO] HTTP Request: POST https://dashscope.aliyuncs.com/compatible-mode/v1/chat/completions "HTTP/1.1 400 Bad Request"
2025-08-07 11:01:31 [ERROR] 第81条请求出错：Error code: 400 - {'error': {'code': 'invalid_parameter_error', 'param': None, 'message': 'parameter.enable_thinking must be set to false for non-streaming calls', 'type': 'invalid_request_error'}, 'id': 'chatcmpl-af2d3907-c6f1-91cc-b239-428f0d76e1f4', 'request_id': 'af2d3907-c6f1-91cc-b239-428f0d76e1f4'}，已跳过。
2025-08-07 11:01:32 [INFO] HTTP Request: POST https://dashscope.aliyuncs.com/compatible-mode/v1/chat/completions "HTTP/1.1 400 Bad Request"
2025-08-07 11:01:32 [ERROR] 第82条请求出错：Error code: 400 - {'error': {'code': 'invalid_parameter_error', 'param': None, 'message': 'parameter.enable_thinking must be set to false for non-streaming calls', 'type': 'invalid_request_error'}, 'id': 'chatcmpl-cff206ff-ec90-98a3-aecb-427d92e1b4a8', 'request_id': 'cff206ff-ec90-98a3-aecb-427d92e1b4a8'}，已跳过。
2025-08-07 11:01:32 [INFO] HTTP Request: POST https://dashscope.aliyuncs.com/compatible-mode/v1/chat/completions "HTTP/1.1 400 Bad Request"
2025-08-07 11:01:32 [ERROR] 第83条请求出错：Error code: 400 - {'error': {'code': 'invalid_parameter_error', 'param': None, 'message': 'parameter.enable_thinking must be set to false for non-streaming calls', 'type': 'invalid_request_error'}, 'id': 'chatcmpl-23fea95e-3921-9edb-b2ca-9443969468cf', 'request_id': '23fea95e-3921-9edb-b2ca-9443969468cf'}，已跳过。
2025-08-07 11:01:32 [INFO] HTTP Request: POST https://dashscope.aliyuncs.com/compatible-mode/v1/chat/completions "HTTP/1.1 400 Bad Request"
2025-08-07 11:01:32 [ERROR] 第84条请求出错：Error code: 400 - {'error': {'code': 'invalid_parameter_error', 'param': None, 'message': 'parameter.enable_thinking must be set to false for non-streaming calls', 'type': 'invalid_request_error'}, 'id': 'chatcmpl-deb6f57b-948b-900d-9ffd-e67914f50481', 'request_id': 'deb6f57b-948b-900d-9ffd-e67914f50481'}，已跳过。
2025-08-07 11:01:32 [INFO] HTTP Request: POST https://dashscope.aliyuncs.com/compatible-mode/v1/chat/completions "HTTP/1.1 400 Bad Request"
2025-08-07 11:01:32 [ERROR] 第85条请求出错：Error code: 400 - {'error': {'code': 'invalid_parameter_error', 'param': None, 'message': 'parameter.enable_thinking must be set to false for non-streaming calls', 'type': 'invalid_request_error'}, 'id': 'chatcmpl-a5150cbe-c496-9993-8898-3b3348a5f739', 'request_id': 'a5150cbe-c496-9993-8898-3b3348a5f739'}，已跳过。
2025-08-07 11:01:32 [INFO] HTTP Request: POST https://dashscope.aliyuncs.com/compatible-mode/v1/chat/completions "HTTP/1.1 400 Bad Request"
2025-08-07 11:01:32 [ERROR] 第86条请求出错：Error code: 400 - {'error': {'code': 'invalid_parameter_error', 'param': None, 'message': 'parameter.enable_thinking must be set to false for non-streaming calls', 'type': 'invalid_request_error'}, 'id': 'chatcmpl-43dd11ff-1219-947b-8819-c6a3265b009e', 'request_id': '43dd11ff-1219-947b-8819-c6a3265b009e'}，已跳过。
2025-08-07 11:01:32 [INFO] HTTP Request: POST https://dashscope.aliyuncs.com/compatible-mode/v1/chat/completions "HTTP/1.1 400 Bad Request"
2025-08-07 11:01:32 [ERROR] 第87条请求出错：Error code: 400 - {'error': {'code': 'invalid_parameter_error', 'param': None, 'message': 'parameter.enable_thinking must be set to false for non-streaming calls', 'type': 'invalid_request_error'}, 'id': 'chatcmpl-14bc801e-2c1a-91a7-bb3e-59130a148d3f', 'request_id': '14bc801e-2c1a-91a7-bb3e-59130a148d3f'}，已跳过。
2025-08-07 11:01:33 [INFO] HTTP Request: POST https://dashscope.aliyuncs.com/compatible-mode/v1/chat/completions "HTTP/1.1 400 Bad Request"
2025-08-07 11:01:33 [ERROR] 第88条请求出错：Error code: 400 - {'error': {'code': 'invalid_parameter_error', 'param': None, 'message': 'parameter.enable_thinking must be set to false for non-streaming calls', 'type': 'invalid_request_error'}, 'id': 'chatcmpl-70c9b62d-ed9a-9303-a034-51e729817ae4', 'request_id': '70c9b62d-ed9a-9303-a034-51e729817ae4'}，已跳过。
2025-08-07 11:01:33 [INFO] HTTP Request: POST https://dashscope.aliyuncs.com/compatible-mode/v1/chat/completions "HTTP/1.1 400 Bad Request"
2025-08-07 11:01:33 [ERROR] 第89条请求出错：Error code: 400 - {'error': {'code': 'invalid_parameter_error', 'param': None, 'message': 'parameter.enable_thinking must be set to false for non-streaming calls', 'type': 'invalid_request_error'}, 'id': 'chatcmpl-21097ae5-ae13-9bfa-b741-352c30eb4a22', 'request_id': '21097ae5-ae13-9bfa-b741-352c30eb4a22'}，已跳过。
2025-08-07 11:01:33 [INFO] HTTP Request: POST https://dashscope.aliyuncs.com/compatible-mode/v1/chat/completions "HTTP/1.1 400 Bad Request"
2025-08-07 11:01:33 [ERROR] 第90条请求出错：Error code: 400 - {'error': {'code': 'invalid_parameter_error', 'param': None, 'message': 'parameter.enable_thinking must be set to false for non-streaming calls', 'type': 'invalid_request_error'}, 'id': 'chatcmpl-44087400-c6c7-96bb-b2c6-1afbd0e74ce7', 'request_id': '44087400-c6c7-96bb-b2c6-1afbd0e74ce7'}，已跳过。
2025-08-07 11:01:33 [INFO] HTTP Request: POST https://dashscope.aliyuncs.com/compatible-mode/v1/chat/completions "HTTP/1.1 400 Bad Request"
2025-08-07 11:01:33 [ERROR] 第91条请求出错：Error code: 400 - {'error': {'code': 'invalid_parameter_error', 'param': None, 'message': 'parameter.enable_thinking must be set to false for non-streaming calls', 'type': 'invalid_request_error'}, 'id': 'chatcmpl-f9c45521-287f-9cb0-aa70-3dfe75bff5f0', 'request_id': 'f9c45521-287f-9cb0-aa70-3dfe75bff5f0'}，已跳过。
2025-08-07 11:01:33 [INFO] HTTP Request: POST https://dashscope.aliyuncs.com/compatible-mode/v1/chat/completions "HTTP/1.1 400 Bad Request"
2025-08-07 11:01:33 [ERROR] 第92条请求出错：Error code: 400 - {'error': {'code': 'invalid_parameter_error', 'param': None, 'message': 'parameter.enable_thinking must be set to false for non-streaming calls', 'type': 'invalid_request_error'}, 'id': 'chatcmpl-51b38fd8-fb2d-96ef-8f61-d14cd0d3d489', 'request_id': '51b38fd8-fb2d-96ef-8f61-d14cd0d3d489'}，已跳过。
2025-08-07 11:01:33 [INFO] HTTP Request: POST https://dashscope.aliyuncs.com/compatible-mode/v1/chat/completions "HTTP/1.1 400 Bad Request"
2025-08-07 11:01:33 [ERROR] 第93条请求出错：Error code: 400 - {'error': {'code': 'invalid_parameter_error', 'param': None, 'message': 'parameter.enable_thinking must be set to false for non-streaming calls', 'type': 'invalid_request_error'}, 'id': 'chatcmpl-f9f66d0e-5126-9d5d-9a52-5485ba2cee68', 'request_id': 'f9f66d0e-5126-9d5d-9a52-5485ba2cee68'}，已跳过。
2025-08-07 11:01:33 [INFO] HTTP Request: POST https://dashscope.aliyuncs.com/compatible-mode/v1/chat/completions "HTTP/1.1 400 Bad Request"
2025-08-07 11:01:33 [ERROR] 第94条请求出错：Error code: 400 - {'error': {'code': 'invalid_parameter_error', 'param': None, 'message': 'parameter.enable_thinking must be set to false for non-streaming calls', 'type': 'invalid_request_error'}, 'id': 'chatcmpl-be886c18-cd58-96ea-bca9-1b10ada9c7a8', 'request_id': 'be886c18-cd58-96ea-bca9-1b10ada9c7a8'}，已跳过。
2025-08-07 11:01:34 [INFO] HTTP Request: POST https://dashscope.aliyuncs.com/compatible-mode/v1/chat/completions "HTTP/1.1 400 Bad Request"
2025-08-07 11:01:34 [ERROR] 第95条请求出错：Error code: 400 - {'error': {'code': 'invalid_parameter_error', 'param': None, 'message': 'parameter.enable_thinking must be set to false for non-streaming calls', 'type': 'invalid_request_error'}, 'id': 'chatcmpl-cd14aa59-c86d-90b5-8f86-7876524b711b', 'request_id': 'cd14aa59-c86d-90b5-8f86-7876524b711b'}，已跳过。
2025-08-07 11:01:34 [INFO] HTTP Request: POST https://dashscope.aliyuncs.com/compatible-mode/v1/chat/completions "HTTP/1.1 400 Bad Request"
2025-08-07 11:01:34 [ERROR] 第96条请求出错：Error code: 400 - {'error': {'code': 'invalid_parameter_error', 'param': None, 'message': 'parameter.enable_thinking must be set to false for non-streaming calls', 'type': 'invalid_request_error'}, 'id': 'chatcmpl-3b5fba0d-63f6-93dd-b4ce-e23b694132b7', 'request_id': '3b5fba0d-63f6-93dd-b4ce-e23b694132b7'}，已跳过。
2025-08-07 11:01:34 [INFO] HTTP Request: POST https://dashscope.aliyuncs.com/compatible-mode/v1/chat/completions "HTTP/1.1 400 Bad Request"
2025-08-07 11:01:34 [ERROR] 第97条请求出错：Error code: 400 - {'error': {'code': 'invalid_parameter_error', 'param': None, 'message': 'parameter.enable_thinking must be set to false for non-streaming calls', 'type': 'invalid_request_error'}, 'id': 'chatcmpl-af04dec8-36f3-9b34-a144-f4569dd5074c', 'request_id': 'af04dec8-36f3-9b34-a144-f4569dd5074c'}，已跳过。
2025-08-07 11:01:34 [INFO] HTTP Request: POST https://dashscope.aliyuncs.com/compatible-mode/v1/chat/completions "HTTP/1.1 400 Bad Request"
2025-08-07 11:01:34 [ERROR] 第98条请求出错：Error code: 400 - {'error': {'code': 'invalid_parameter_error', 'param': None, 'message': 'parameter.enable_thinking must be set to false for non-streaming calls', 'type': 'invalid_request_error'}, 'id': 'chatcmpl-6a70d1e5-365e-98d4-824a-6da941e710f4', 'request_id': '6a70d1e5-365e-98d4-824a-6da941e710f4'}，已跳过。
2025-08-07 11:01:34 [INFO] HTTP Request: POST https://dashscope.aliyuncs.com/compatible-mode/v1/chat/completions "HTTP/1.1 400 Bad Request"
2025-08-07 11:01:34 [ERROR] 第99条请求出错：Error code: 400 - {'error': {'code': 'invalid_parameter_error', 'param': None, 'message': 'parameter.enable_thinking must be set to false for non-streaming calls', 'type': 'invalid_request_error'}, 'id': 'chatcmpl-eae1490d-d58a-93d7-90ba-96e1309c87f7', 'request_id': 'eae1490d-d58a-93d7-90ba-96e1309c87f7'}，已跳过。
2025-08-07 11:01:34 [INFO] HTTP Request: POST https://dashscope.aliyuncs.com/compatible-mode/v1/chat/completions "HTTP/1.1 400 Bad Request"
2025-08-07 11:01:34 [ERROR] 第100条请求出错：Error code: 400 - {'error': {'code': 'invalid_parameter_error', 'param': None, 'message': 'parameter.enable_thinking must be set to false for non-streaming calls', 'type': 'invalid_request_error'}, 'id': 'chatcmpl-41ed9189-1737-995a-a85a-c73fd8457e59', 'request_id': '41ed9189-1737-995a-a85a-c73fd8457e59'}，已跳过。
2025-08-07 11:01:35 [INFO] HTTP Request: POST https://dashscope.aliyuncs.com/compatible-mode/v1/chat/completions "HTTP/1.1 400 Bad Request"
2025-08-07 11:01:35 [ERROR] 第101条请求出错：Error code: 400 - {'error': {'code': 'invalid_parameter_error', 'param': None, 'message': 'parameter.enable_thinking must be set to false for non-streaming calls', 'type': 'invalid_request_error'}, 'id': 'chatcmpl-305e87a6-99bf-9ed7-a0cc-0cb2f76a6104', 'request_id': '305e87a6-99bf-9ed7-a0cc-0cb2f76a6104'}，已跳过。
2025-08-07 11:01:35 [INFO] HTTP Request: POST https://dashscope.aliyuncs.com/compatible-mode/v1/chat/completions "HTTP/1.1 400 Bad Request"
2025-08-07 11:01:35 [ERROR] 第102条请求出错：Error code: 400 - {'error': {'code': 'invalid_parameter_error', 'param': None, 'message': 'parameter.enable_thinking must be set to false for non-streaming calls', 'type': 'invalid_request_error'}, 'id': 'chatcmpl-166e0baf-399d-960d-8fdf-7e208468b5b6', 'request_id': '166e0baf-399d-960d-8fdf-7e208468b5b6'}，已跳过。
2025-08-07 11:01:35 [INFO] HTTP Request: POST https://dashscope.aliyuncs.com/compatible-mode/v1/chat/completions "HTTP/1.1 400 Bad Request"
2025-08-07 11:01:35 [ERROR] 第103条请求出错：Error code: 400 - {'error': {'code': 'invalid_parameter_error', 'param': None, 'message': 'parameter.enable_thinking must be set to false for non-streaming calls', 'type': 'invalid_request_error'}, 'id': 'chatcmpl-85bd3936-50a1-98e0-8f61-ad5426abf468', 'request_id': '85bd3936-50a1-98e0-8f61-ad5426abf468'}，已跳过。
2025-08-07 11:01:35 [INFO] HTTP Request: POST https://dashscope.aliyuncs.com/compatible-mode/v1/chat/completions "HTTP/1.1 400 Bad Request"
2025-08-07 11:01:35 [ERROR] 第104条请求出错：Error code: 400 - {'error': {'code': 'invalid_parameter_error', 'param': None, 'message': 'parameter.enable_thinking must be set to false for non-streaming calls', 'type': 'invalid_request_error'}, 'id': 'chatcmpl-3478522e-903b-9f83-bcf5-7d059e680427', 'request_id': '3478522e-903b-9f83-bcf5-7d059e680427'}，已跳过。
2025-08-07 11:01:35 [INFO] HTTP Request: POST https://dashscope.aliyuncs.com/compatible-mode/v1/chat/completions "HTTP/1.1 400 Bad Request"
2025-08-07 11:01:35 [ERROR] 第105条请求出错：Error code: 400 - {'error': {'code': 'invalid_parameter_error', 'param': None, 'message': 'parameter.enable_thinking must be set to false for non-streaming calls', 'type': 'invalid_request_error'}, 'id': 'chatcmpl-0a667890-1614-9adb-8e55-58b509dbf576', 'request_id': '0a667890-1614-9adb-8e55-58b509dbf576'}，已跳过。
2025-08-07 11:01:36 [INFO] HTTP Request: POST https://dashscope.aliyuncs.com/compatible-mode/v1/chat/completions "HTTP/1.1 400 Bad Request"
2025-08-07 11:01:36 [ERROR] 第106条请求出错：Error code: 400 - {'error': {'code': 'invalid_parameter_error', 'param': None, 'message': 'parameter.enable_thinking must be set to false for non-streaming calls', 'type': 'invalid_request_error'}, 'id': 'chatcmpl-d137e73f-1f83-95ea-9d5a-24e322136580', 'request_id': 'd137e73f-1f83-95ea-9d5a-24e322136580'}，已跳过。
2025-08-07 11:01:36 [INFO] HTTP Request: POST https://dashscope.aliyuncs.com/compatible-mode/v1/chat/completions "HTTP/1.1 400 Bad Request"
2025-08-07 11:01:36 [ERROR] 第107条请求出错：Error code: 400 - {'error': {'code': 'invalid_parameter_error', 'param': None, 'message': 'parameter.enable_thinking must be set to false for non-streaming calls', 'type': 'invalid_request_error'}, 'id': 'chatcmpl-a84e8d8a-d6dc-9d5c-96ba-14e235bd51d7', 'request_id': 'a84e8d8a-d6dc-9d5c-96ba-14e235bd51d7'}，已跳过。
2025-08-07 11:01:36 [INFO] HTTP Request: POST https://dashscope.aliyuncs.com/compatible-mode/v1/chat/completions "HTTP/1.1 400 Bad Request"
2025-08-07 11:01:36 [ERROR] 第108条请求出错：Error code: 400 - {'error': {'code': 'invalid_parameter_error', 'param': None, 'message': 'parameter.enable_thinking must be set to false for non-streaming calls', 'type': 'invalid_request_error'}, 'id': 'chatcmpl-d3e2152f-68be-9bb9-9ebe-c8751bcdae05', 'request_id': 'd3e2152f-68be-9bb9-9ebe-c8751bcdae05'}，已跳过。
2025-08-07 11:01:36 [INFO] HTTP Request: POST https://dashscope.aliyuncs.com/compatible-mode/v1/chat/completions "HTTP/1.1 400 Bad Request"
2025-08-07 11:01:36 [ERROR] 第109条请求出错：Error code: 400 - {'error': {'code': 'invalid_parameter_error', 'param': None, 'message': 'parameter.enable_thinking must be set to false for non-streaming calls', 'type': 'invalid_request_error'}, 'id': 'chatcmpl-6a9d8324-8293-92ec-a31e-6257d3b45cb5', 'request_id': '6a9d8324-8293-92ec-a31e-6257d3b45cb5'}，已跳过。
2025-08-07 11:01:36 [INFO] HTTP Request: POST https://dashscope.aliyuncs.com/compatible-mode/v1/chat/completions "HTTP/1.1 400 Bad Request"
2025-08-07 11:01:36 [ERROR] 第110条请求出错：Error code: 400 - {'error': {'code': 'invalid_parameter_error', 'param': None, 'message': 'parameter.enable_thinking must be set to false for non-streaming calls', 'type': 'invalid_request_error'}, 'id': 'chatcmpl-384edadd-957b-985b-9664-d1571c1e4408', 'request_id': '384edadd-957b-985b-9664-d1571c1e4408'}，已跳过。
2025-08-07 11:01:36 [INFO] HTTP Request: POST https://dashscope.aliyuncs.com/compatible-mode/v1/chat/completions "HTTP/1.1 400 Bad Request"
2025-08-07 11:01:36 [ERROR] 第111条请求出错：Error code: 400 - {'error': {'code': 'invalid_parameter_error', 'param': None, 'message': 'parameter.enable_thinking must be set to false for non-streaming calls', 'type': 'invalid_request_error'}, 'id': 'chatcmpl-daf26fa5-e017-9579-ba1a-18c53a266f71', 'request_id': 'daf26fa5-e017-9579-ba1a-18c53a266f71'}，已跳过。
2025-08-07 11:01:36 [INFO] HTTP Request: POST https://dashscope.aliyuncs.com/compatible-mode/v1/chat/completions "HTTP/1.1 400 Bad Request"
2025-08-07 11:01:36 [ERROR] 第112条请求出错：Error code: 400 - {'error': {'code': 'invalid_parameter_error', 'param': None, 'message': 'parameter.enable_thinking must be set to false for non-streaming calls', 'type': 'invalid_request_error'}, 'id': 'chatcmpl-bf9007ed-e1bb-9847-b352-9d670d6499ff', 'request_id': 'bf9007ed-e1bb-9847-b352-9d670d6499ff'}，已跳过。
2025-08-07 11:01:37 [INFO] HTTP Request: POST https://dashscope.aliyuncs.com/compatible-mode/v1/chat/completions "HTTP/1.1 400 Bad Request"
2025-08-07 11:01:37 [ERROR] 第113条请求出错：Error code: 400 - {'error': {'code': 'invalid_parameter_error', 'param': None, 'message': 'parameter.enable_thinking must be set to false for non-streaming calls', 'type': 'invalid_request_error'}, 'id': 'chatcmpl-20cc3b6a-5c17-9cec-ac49-48019ba8e962', 'request_id': '20cc3b6a-5c17-9cec-ac49-48019ba8e962'}，已跳过。
2025-08-07 11:01:37 [INFO] HTTP Request: POST https://dashscope.aliyuncs.com/compatible-mode/v1/chat/completions "HTTP/1.1 400 Bad Request"
2025-08-07 11:01:37 [ERROR] 第114条请求出错：Error code: 400 - {'error': {'code': 'invalid_parameter_error', 'param': None, 'message': 'parameter.enable_thinking must be set to false for non-streaming calls', 'type': 'invalid_request_error'}, 'id': 'chatcmpl-4fa81302-d806-9499-867a-95bece15d47f', 'request_id': '4fa81302-d806-9499-867a-95bece15d47f'}，已跳过。
2025-08-07 11:01:37 [INFO] HTTP Request: POST https://dashscope.aliyuncs.com/compatible-mode/v1/chat/completions "HTTP/1.1 400 Bad Request"
2025-08-07 11:01:37 [ERROR] 第115条请求出错：Error code: 400 - {'error': {'code': 'invalid_parameter_error', 'param': None, 'message': 'parameter.enable_thinking must be set to false for non-streaming calls', 'type': 'invalid_request_error'}, 'id': 'chatcmpl-2c0d63e2-d43d-9ac2-9a8b-d7cbdd835e95', 'request_id': '2c0d63e2-d43d-9ac2-9a8b-d7cbdd835e95'}，已跳过。
2025-08-07 11:01:37 [INFO] HTTP Request: POST https://dashscope.aliyuncs.com/compatible-mode/v1/chat/completions "HTTP/1.1 400 Bad Request"
2025-08-07 11:01:37 [ERROR] 第116条请求出错：Error code: 400 - {'error': {'code': 'invalid_parameter_error', 'param': None, 'message': 'parameter.enable_thinking must be set to false for non-streaming calls', 'type': 'invalid_request_error'}, 'id': 'chatcmpl-bbfc1abc-31f6-9d39-9fdb-5c2a5b3d441c', 'request_id': 'bbfc1abc-31f6-9d39-9fdb-5c2a5b3d441c'}，已跳过。
2025-08-07 11:01:37 [INFO] HTTP Request: POST https://dashscope.aliyuncs.com/compatible-mode/v1/chat/completions "HTTP/1.1 400 Bad Request"
2025-08-07 11:01:37 [ERROR] 第117条请求出错：Error code: 400 - {'error': {'code': 'invalid_parameter_error', 'param': None, 'message': 'parameter.enable_thinking must be set to false for non-streaming calls', 'type': 'invalid_request_error'}, 'id': 'chatcmpl-f718fd8e-77fc-900e-8f24-c53e3df0fffc', 'request_id': 'f718fd8e-77fc-900e-8f24-c53e3df0fffc'}，已跳过。
2025-08-07 11:01:37 [INFO] HTTP Request: POST https://dashscope.aliyuncs.com/compatible-mode/v1/chat/completions "HTTP/1.1 400 Bad Request"
2025-08-07 11:01:37 [ERROR] 第118条请求出错：Error code: 400 - {'error': {'code': 'invalid_parameter_error', 'param': None, 'message': 'parameter.enable_thinking must be set to false for non-streaming calls', 'type': 'invalid_request_error'}, 'id': 'chatcmpl-08247f9b-b180-9d54-b388-6a87e8a0c7b0', 'request_id': '08247f9b-b180-9d54-b388-6a87e8a0c7b0'}，已跳过。
2025-08-07 11:01:38 [INFO] HTTP Request: POST https://dashscope.aliyuncs.com/compatible-mode/v1/chat/completions "HTTP/1.1 400 Bad Request"
2025-08-07 11:01:38 [ERROR] 第119条请求出错：Error code: 400 - {'error': {'code': 'invalid_parameter_error', 'param': None, 'message': 'parameter.enable_thinking must be set to false for non-streaming calls', 'type': 'invalid_request_error'}, 'id': 'chatcmpl-a8b017d6-bf55-93dd-9c06-7c010c7f9878', 'request_id': 'a8b017d6-bf55-93dd-9c06-7c010c7f9878'}，已跳过。
2025-08-07 11:01:38 [INFO] HTTP Request: POST https://dashscope.aliyuncs.com/compatible-mode/v1/chat/completions "HTTP/1.1 400 Bad Request"
2025-08-07 11:01:38 [ERROR] 第120条请求出错：Error code: 400 - {'error': {'code': 'invalid_parameter_error', 'param': None, 'message': 'parameter.enable_thinking must be set to false for non-streaming calls', 'type': 'invalid_request_error'}, 'id': 'chatcmpl-522188d9-565c-92b3-b616-6ae1383e8f1f', 'request_id': '522188d9-565c-92b3-b616-6ae1383e8f1f'}，已跳过。
2025-08-07 11:01:38 [INFO] HTTP Request: POST https://dashscope.aliyuncs.com/compatible-mode/v1/chat/completions "HTTP/1.1 400 Bad Request"
2025-08-07 11:01:38 [ERROR] 第121条请求出错：Error code: 400 - {'error': {'code': 'invalid_parameter_error', 'param': None, 'message': 'parameter.enable_thinking must be set to false for non-streaming calls', 'type': 'invalid_request_error'}, 'id': 'chatcmpl-2caff158-bf6a-95d5-9add-79bf994c2fac', 'request_id': '2caff158-bf6a-95d5-9add-79bf994c2fac'}，已跳过。
2025-08-07 11:01:38 [INFO] HTTP Request: POST https://dashscope.aliyuncs.com/compatible-mode/v1/chat/completions "HTTP/1.1 400 Bad Request"
2025-08-07 11:01:38 [ERROR] 第122条请求出错：Error code: 400 - {'error': {'code': 'invalid_parameter_error', 'param': None, 'message': 'parameter.enable_thinking must be set to false for non-streaming calls', 'type': 'invalid_request_error'}, 'id': 'chatcmpl-915f3cab-be35-9710-9e89-7a4d873338e3', 'request_id': '915f3cab-be35-9710-9e89-7a4d873338e3'}，已跳过。
2025-08-07 11:01:38 [INFO] HTTP Request: POST https://dashscope.aliyuncs.com/compatible-mode/v1/chat/completions "HTTP/1.1 400 Bad Request"
2025-08-07 11:01:38 [ERROR] 第123条请求出错：Error code: 400 - {'error': {'code': 'invalid_parameter_error', 'param': None, 'message': 'parameter.enable_thinking must be set to false for non-streaming calls', 'type': 'invalid_request_error'}, 'id': 'chatcmpl-724d0820-3d50-9b7b-bcf5-f79a9b3c51cc', 'request_id': '724d0820-3d50-9b7b-bcf5-f79a9b3c51cc'}，已跳过。
2025-08-07 11:01:38 [INFO] HTTP Request: POST https://dashscope.aliyuncs.com/compatible-mode/v1/chat/completions "HTTP/1.1 400 Bad Request"
2025-08-07 11:01:38 [ERROR] 第124条请求出错：Error code: 400 - {'error': {'code': 'invalid_parameter_error', 'param': None, 'message': 'parameter.enable_thinking must be set to false for non-streaming calls', 'type': 'invalid_request_error'}, 'id': 'chatcmpl-c86d87c8-26ee-957a-b2d0-7b55dd37bb75', 'request_id': 'c86d87c8-26ee-957a-b2d0-7b55dd37bb75'}，已跳过。
2025-08-07 11:01:39 [INFO] HTTP Request: POST https://dashscope.aliyuncs.com/compatible-mode/v1/chat/completions "HTTP/1.1 400 Bad Request"
2025-08-07 11:01:39 [ERROR] 第125条请求出错：Error code: 400 - {'error': {'code': 'invalid_parameter_error', 'param': None, 'message': 'parameter.enable_thinking must be set to false for non-streaming calls', 'type': 'invalid_request_error'}, 'id': 'chatcmpl-c2a56a82-62dc-9c02-a7f7-6c019e3b53ee', 'request_id': 'c2a56a82-62dc-9c02-a7f7-6c019e3b53ee'}，已跳过。
2025-08-07 11:01:39 [INFO] HTTP Request: POST https://dashscope.aliyuncs.com/compatible-mode/v1/chat/completions "HTTP/1.1 400 Bad Request"
2025-08-07 11:01:39 [ERROR] 第126条请求出错：Error code: 400 - {'error': {'code': 'invalid_parameter_error', 'param': None, 'message': 'parameter.enable_thinking must be set to false for non-streaming calls', 'type': 'invalid_request_error'}, 'id': 'chatcmpl-747368d1-d6a4-9624-bb5e-7bd2dcdd1ad6', 'request_id': '747368d1-d6a4-9624-bb5e-7bd2dcdd1ad6'}，已跳过。
2025-08-07 11:01:39 [INFO] HTTP Request: POST https://dashscope.aliyuncs.com/compatible-mode/v1/chat/completions "HTTP/1.1 400 Bad Request"
2025-08-07 11:01:39 [ERROR] 第127条请求出错：Error code: 400 - {'error': {'code': 'invalid_parameter_error', 'param': None, 'message': 'parameter.enable_thinking must be set to false for non-streaming calls', 'type': 'invalid_request_error'}, 'id': 'chatcmpl-a9c4806b-afce-9518-a4d0-afc5a508cf73', 'request_id': 'a9c4806b-afce-9518-a4d0-afc5a508cf73'}，已跳过。
2025-08-07 11:01:39 [INFO] HTTP Request: POST https://dashscope.aliyuncs.com/compatible-mode/v1/chat/completions "HTTP/1.1 400 Bad Request"
2025-08-07 11:01:39 [ERROR] 第128条请求出错：Error code: 400 - {'error': {'code': 'invalid_parameter_error', 'param': None, 'message': 'parameter.enable_thinking must be set to false for non-streaming calls', 'type': 'invalid_request_error'}, 'id': 'chatcmpl-c907af1f-3d53-93c7-90d1-d6a1db176caf', 'request_id': 'c907af1f-3d53-93c7-90d1-d6a1db176caf'}，已跳过。
2025-08-07 11:01:39 [INFO] HTTP Request: POST https://dashscope.aliyuncs.com/compatible-mode/v1/chat/completions "HTTP/1.1 400 Bad Request"
2025-08-07 11:01:39 [ERROR] 第129条请求出错：Error code: 400 - {'error': {'code': 'invalid_parameter_error', 'param': None, 'message': 'parameter.enable_thinking must be set to false for non-streaming calls', 'type': 'invalid_request_error'}, 'id': 'chatcmpl-b417b1de-5898-9e1f-9fd7-91611077e334', 'request_id': 'b417b1de-5898-9e1f-9fd7-91611077e334'}，已跳过。
2025-08-07 11:01:39 [INFO] HTTP Request: POST https://dashscope.aliyuncs.com/compatible-mode/v1/chat/completions "HTTP/1.1 400 Bad Request"
2025-08-07 11:01:39 [ERROR] 第130条请求出错：Error code: 400 - {'error': {'code': 'invalid_parameter_error', 'param': None, 'message': 'parameter.enable_thinking must be set to false for non-streaming calls', 'type': 'invalid_request_error'}, 'id': 'chatcmpl-f93f19b2-75e5-958c-a4bd-56ae6949361d', 'request_id': 'f93f19b2-75e5-958c-a4bd-56ae6949361d'}，已跳过。
2025-08-07 11:01:39 [INFO] HTTP Request: POST https://dashscope.aliyuncs.com/compatible-mode/v1/chat/completions "HTTP/1.1 400 Bad Request"
2025-08-07 11:01:39 [ERROR] 第131条请求出错：Error code: 400 - {'error': {'code': 'invalid_parameter_error', 'param': None, 'message': 'parameter.enable_thinking must be set to false for non-streaming calls', 'type': 'invalid_request_error'}, 'id': 'chatcmpl-eeed88c2-4223-98cf-ac39-b62eb6b22753', 'request_id': 'eeed88c2-4223-98cf-ac39-b62eb6b22753'}，已跳过。
2025-08-07 11:01:40 [INFO] HTTP Request: POST https://dashscope.aliyuncs.com/compatible-mode/v1/chat/completions "HTTP/1.1 400 Bad Request"
2025-08-07 11:01:40 [ERROR] 第132条请求出错：Error code: 400 - {'error': {'code': 'invalid_parameter_error', 'param': None, 'message': 'parameter.enable_thinking must be set to false for non-streaming calls', 'type': 'invalid_request_error'}, 'id': 'chatcmpl-0073e75c-83bf-9c06-833d-27ff89cec67a', 'request_id': '0073e75c-83bf-9c06-833d-27ff89cec67a'}，已跳过。
2025-08-07 11:01:40 [INFO] HTTP Request: POST https://dashscope.aliyuncs.com/compatible-mode/v1/chat/completions "HTTP/1.1 400 Bad Request"
2025-08-07 11:01:40 [ERROR] 第133条请求出错：Error code: 400 - {'error': {'code': 'invalid_parameter_error', 'param': None, 'message': 'parameter.enable_thinking must be set to false for non-streaming calls', 'type': 'invalid_request_error'}, 'id': 'chatcmpl-3d9a8402-bbd7-9748-9ab0-be54311da6a1', 'request_id': '3d9a8402-bbd7-9748-9ab0-be54311da6a1'}，已跳过。
2025-08-07 11:01:40 [INFO] HTTP Request: POST https://dashscope.aliyuncs.com/compatible-mode/v1/chat/completions "HTTP/1.1 400 Bad Request"
2025-08-07 11:01:40 [ERROR] 第134条请求出错：Error code: 400 - {'error': {'code': 'invalid_parameter_error', 'param': None, 'message': 'parameter.enable_thinking must be set to false for non-streaming calls', 'type': 'invalid_request_error'}, 'id': 'chatcmpl-6294777a-11b2-9958-8da4-93148608d279', 'request_id': '6294777a-11b2-9958-8da4-93148608d279'}，已跳过。
2025-08-07 11:01:40 [INFO] HTTP Request: POST https://dashscope.aliyuncs.com/compatible-mode/v1/chat/completions "HTTP/1.1 400 Bad Request"
2025-08-07 11:01:40 [ERROR] 第135条请求出错：Error code: 400 - {'error': {'code': 'invalid_parameter_error', 'param': None, 'message': 'parameter.enable_thinking must be set to false for non-streaming calls', 'type': 'invalid_request_error'}, 'id': 'chatcmpl-3c47b79e-2e09-91c0-8658-969a002ad9c1', 'request_id': '3c47b79e-2e09-91c0-8658-969a002ad9c1'}，已跳过。
2025-08-07 11:01:40 [INFO] HTTP Request: POST https://dashscope.aliyuncs.com/compatible-mode/v1/chat/completions "HTTP/1.1 400 Bad Request"
2025-08-07 11:01:40 [ERROR] 第136条请求出错：Error code: 400 - {'error': {'code': 'invalid_parameter_error', 'param': None, 'message': 'parameter.enable_thinking must be set to false for non-streaming calls', 'type': 'invalid_request_error'}, 'id': 'chatcmpl-92cc6e02-d36b-9883-bf13-9eee3f56cfae', 'request_id': '92cc6e02-d36b-9883-bf13-9eee3f56cfae'}，已跳过。
2025-08-07 11:01:40 [INFO] HTTP Request: POST https://dashscope.aliyuncs.com/compatible-mode/v1/chat/completions "HTTP/1.1 400 Bad Request"
2025-08-07 11:01:40 [ERROR] 第137条请求出错：Error code: 400 - {'error': {'code': 'invalid_parameter_error', 'param': None, 'message': 'parameter.enable_thinking must be set to false for non-streaming calls', 'type': 'invalid_request_error'}, 'id': 'chatcmpl-084e2903-2154-96ba-9d2c-6ede39297ecd', 'request_id': '084e2903-2154-96ba-9d2c-6ede39297ecd'}，已跳过。
2025-08-07 11:01:41 [INFO] HTTP Request: POST https://dashscope.aliyuncs.com/compatible-mode/v1/chat/completions "HTTP/1.1 400 Bad Request"
2025-08-07 11:01:41 [ERROR] 第138条请求出错：Error code: 400 - {'error': {'code': 'invalid_parameter_error', 'param': None, 'message': 'parameter.enable_thinking must be set to false for non-streaming calls', 'type': 'invalid_request_error'}, 'id': 'chatcmpl-12001bea-b044-91f4-85e6-16233382afde', 'request_id': '12001bea-b044-91f4-85e6-16233382afde'}，已跳过。
2025-08-07 11:01:41 [INFO] HTTP Request: POST https://dashscope.aliyuncs.com/compatible-mode/v1/chat/completions "HTTP/1.1 400 Bad Request"
2025-08-07 11:01:41 [ERROR] 第139条请求出错：Error code: 400 - {'error': {'code': 'invalid_parameter_error', 'param': None, 'message': 'parameter.enable_thinking must be set to false for non-streaming calls', 'type': 'invalid_request_error'}, 'id': 'chatcmpl-331540b7-3648-915b-a5be-b358053c082d', 'request_id': '331540b7-3648-915b-a5be-b358053c082d'}，已跳过。
2025-08-07 11:01:41 [INFO] HTTP Request: POST https://dashscope.aliyuncs.com/compatible-mode/v1/chat/completions "HTTP/1.1 400 Bad Request"
2025-08-07 11:01:41 [ERROR] 第140条请求出错：Error code: 400 - {'error': {'code': 'invalid_parameter_error', 'param': None, 'message': 'parameter.enable_thinking must be set to false for non-streaming calls', 'type': 'invalid_request_error'}, 'id': 'chatcmpl-a7534f46-472a-9ea5-ae99-fabf253d5ee4', 'request_id': 'a7534f46-472a-9ea5-ae99-fabf253d5ee4'}，已跳过。
2025-08-07 11:01:41 [INFO] HTTP Request: POST https://dashscope.aliyuncs.com/compatible-mode/v1/chat/completions "HTTP/1.1 400 Bad Request"
2025-08-07 11:01:41 [ERROR] 第141条请求出错：Error code: 400 - {'error': {'code': 'invalid_parameter_error', 'param': None, 'message': 'parameter.enable_thinking must be set to false for non-streaming calls', 'type': 'invalid_request_error'}, 'id': 'chatcmpl-8bd35270-44e3-9da6-9c98-44a289836944', 'request_id': '8bd35270-44e3-9da6-9c98-44a289836944'}，已跳过。
2025-08-07 11:01:41 [INFO] HTTP Request: POST https://dashscope.aliyuncs.com/compatible-mode/v1/chat/completions "HTTP/1.1 400 Bad Request"
2025-08-07 11:01:41 [ERROR] 第142条请求出错：Error code: 400 - {'error': {'code': 'invalid_parameter_error', 'param': None, 'message': 'parameter.enable_thinking must be set to false for non-streaming calls', 'type': 'invalid_request_error'}, 'id': 'chatcmpl-7ef62267-0c61-94ee-a499-91e04fda9636', 'request_id': '7ef62267-0c61-94ee-a499-91e04fda9636'}，已跳过。
2025-08-07 11:01:41 [INFO] HTTP Request: POST https://dashscope.aliyuncs.com/compatible-mode/v1/chat/completions "HTTP/1.1 400 Bad Request"
2025-08-07 11:01:41 [ERROR] 第143条请求出错：Error code: 400 - {'error': {'code': 'invalid_parameter_error', 'param': None, 'message': 'parameter.enable_thinking must be set to false for non-streaming calls', 'type': 'invalid_request_error'}, 'id': 'chatcmpl-54dc97e4-9766-9d59-905e-09eed90bfc0e', 'request_id': '54dc97e4-9766-9d59-905e-09eed90bfc0e'}，已跳过。
2025-08-07 11:01:42 [INFO] HTTP Request: POST https://dashscope.aliyuncs.com/compatible-mode/v1/chat/completions "HTTP/1.1 400 Bad Request"
2025-08-07 11:01:42 [ERROR] 第144条请求出错：Error code: 400 - {'error': {'code': 'invalid_parameter_error', 'param': None, 'message': 'parameter.enable_thinking must be set to false for non-streaming calls', 'type': 'invalid_request_error'}, 'id': 'chatcmpl-28bcd814-8e07-9a10-9acc-a05f7d03552e', 'request_id': '28bcd814-8e07-9a10-9acc-a05f7d03552e'}，已跳过。
2025-08-07 11:01:42 [INFO] HTTP Request: POST https://dashscope.aliyuncs.com/compatible-mode/v1/chat/completions "HTTP/1.1 400 Bad Request"
2025-08-07 11:01:42 [ERROR] 第145条请求出错：Error code: 400 - {'error': {'code': 'invalid_parameter_error', 'param': None, 'message': 'parameter.enable_thinking must be set to false for non-streaming calls', 'type': 'invalid_request_error'}, 'id': 'chatcmpl-a4daadc0-a720-9fc7-baf9-da01ea8f8360', 'request_id': 'a4daadc0-a720-9fc7-baf9-da01ea8f8360'}，已跳过。
2025-08-07 11:01:42 [INFO] HTTP Request: POST https://dashscope.aliyuncs.com/compatible-mode/v1/chat/completions "HTTP/1.1 400 Bad Request"
2025-08-07 11:01:42 [ERROR] 第146条请求出错：Error code: 400 - {'error': {'code': 'invalid_parameter_error', 'param': None, 'message': 'parameter.enable_thinking must be set to false for non-streaming calls', 'type': 'invalid_request_error'}, 'id': 'chatcmpl-e5e77305-c897-9598-a8ff-b46375f204b5', 'request_id': 'e5e77305-c897-9598-a8ff-b46375f204b5'}，已跳过。
2025-08-07 11:01:42 [INFO] HTTP Request: POST https://dashscope.aliyuncs.com/compatible-mode/v1/chat/completions "HTTP/1.1 400 Bad Request"
2025-08-07 11:01:42 [ERROR] 第147条请求出错：Error code: 400 - {'error': {'code': 'invalid_parameter_error', 'param': None, 'message': 'parameter.enable_thinking must be set to false for non-streaming calls', 'type': 'invalid_request_error'}, 'id': 'chatcmpl-7eccd6c5-eae9-9d68-abef-0866dfa8b0e2', 'request_id': '7eccd6c5-eae9-9d68-abef-0866dfa8b0e2'}，已跳过。
2025-08-07 11:01:42 [INFO] HTTP Request: POST https://dashscope.aliyuncs.com/compatible-mode/v1/chat/completions "HTTP/1.1 400 Bad Request"
2025-08-07 11:01:42 [ERROR] 第148条请求出错：Error code: 400 - {'error': {'code': 'invalid_parameter_error', 'param': None, 'message': 'parameter.enable_thinking must be set to false for non-streaming calls', 'type': 'invalid_request_error'}, 'id': 'chatcmpl-e8aed14f-2dd1-9940-a46d-6f0b49f9ce0c', 'request_id': 'e8aed14f-2dd1-9940-a46d-6f0b49f9ce0c'}，已跳过。
2025-08-07 11:01:42 [INFO] HTTP Request: POST https://dashscope.aliyuncs.com/compatible-mode/v1/chat/completions "HTTP/1.1 400 Bad Request"
2025-08-07 11:01:42 [ERROR] 第149条请求出错：Error code: 400 - {'error': {'code': 'invalid_parameter_error', 'param': None, 'message': 'parameter.enable_thinking must be set to false for non-streaming calls', 'type': 'invalid_request_error'}, 'id': 'chatcmpl-43095a15-4384-913e-96f6-f0192f894730', 'request_id': '43095a15-4384-913e-96f6-f0192f894730'}，已跳过。
2025-08-07 11:01:43 [INFO] HTTP Request: POST https://dashscope.aliyuncs.com/compatible-mode/v1/chat/completions "HTTP/1.1 400 Bad Request"
2025-08-07 11:01:43 [ERROR] 第150条请求出错：Error code: 400 - {'error': {'code': 'invalid_parameter_error', 'param': None, 'message': 'parameter.enable_thinking must be set to false for non-streaming calls', 'type': 'invalid_request_error'}, 'id': 'chatcmpl-96f2e553-61d9-943b-9a25-60d42e5707b0', 'request_id': '96f2e553-61d9-943b-9a25-60d42e5707b0'}，已跳过。
2025-08-07 11:01:43 [INFO] HTTP Request: POST https://dashscope.aliyuncs.com/compatible-mode/v1/chat/completions "HTTP/1.1 400 Bad Request"
2025-08-07 11:01:43 [ERROR] 第151条请求出错：Error code: 400 - {'error': {'code': 'invalid_parameter_error', 'param': None, 'message': 'parameter.enable_thinking must be set to false for non-streaming calls', 'type': 'invalid_request_error'}, 'id': 'chatcmpl-baa75486-1aa9-9919-815c-a6efb77fa67b', 'request_id': 'baa75486-1aa9-9919-815c-a6efb77fa67b'}，已跳过。
2025-08-07 11:01:43 [INFO] HTTP Request: POST https://dashscope.aliyuncs.com/compatible-mode/v1/chat/completions "HTTP/1.1 400 Bad Request"
2025-08-07 11:01:43 [ERROR] 第152条请求出错：Error code: 400 - {'error': {'code': 'invalid_parameter_error', 'param': None, 'message': 'parameter.enable_thinking must be set to false for non-streaming calls', 'type': 'invalid_request_error'}, 'id': 'chatcmpl-26875879-2e33-9f94-85cd-6377811597f5', 'request_id': '26875879-2e33-9f94-85cd-6377811597f5'}，已跳过。
2025-08-07 11:01:43 [INFO] HTTP Request: POST https://dashscope.aliyuncs.com/compatible-mode/v1/chat/completions "HTTP/1.1 400 Bad Request"
2025-08-07 11:01:43 [ERROR] 第153条请求出错：Error code: 400 - {'error': {'code': 'invalid_parameter_error', 'param': None, 'message': 'parameter.enable_thinking must be set to false for non-streaming calls', 'type': 'invalid_request_error'}, 'id': 'chatcmpl-4d6eaf5f-27a1-9dd1-94e2-514c0cf3abe0', 'request_id': '4d6eaf5f-27a1-9dd1-94e2-514c0cf3abe0'}，已跳过。
2025-08-07 11:01:43 [INFO] HTTP Request: POST https://dashscope.aliyuncs.com/compatible-mode/v1/chat/completions "HTTP/1.1 400 Bad Request"
2025-08-07 11:01:43 [ERROR] 第154条请求出错：Error code: 400 - {'error': {'code': 'invalid_parameter_error', 'param': None, 'message': 'parameter.enable_thinking must be set to false for non-streaming calls', 'type': 'invalid_request_error'}, 'id': 'chatcmpl-1ed38b92-6fde-9388-adea-18bb2e3de851', 'request_id': '1ed38b92-6fde-9388-adea-18bb2e3de851'}，已跳过。
2025-08-07 11:01:43 [INFO] HTTP Request: POST https://dashscope.aliyuncs.com/compatible-mode/v1/chat/completions "HTTP/1.1 400 Bad Request"
2025-08-07 11:01:43 [ERROR] 第155条请求出错：Error code: 400 - {'error': {'code': 'invalid_parameter_error', 'param': None, 'message': 'parameter.enable_thinking must be set to false for non-streaming calls', 'type': 'invalid_request_error'}, 'id': 'chatcmpl-ff706f12-53e7-92bb-8b52-bc364faa7e2a', 'request_id': 'ff706f12-53e7-92bb-8b52-bc364faa7e2a'}，已跳过。
2025-08-07 11:01:43 [INFO] HTTP Request: POST https://dashscope.aliyuncs.com/compatible-mode/v1/chat/completions "HTTP/1.1 400 Bad Request"
2025-08-07 11:01:43 [ERROR] 第156条请求出错：Error code: 400 - {'error': {'code': 'invalid_parameter_error', 'param': None, 'message': 'parameter.enable_thinking must be set to false for non-streaming calls', 'type': 'invalid_request_error'}, 'id': 'chatcmpl-3c61f7df-6843-9ef1-bcb6-a7008054e489', 'request_id': '3c61f7df-6843-9ef1-bcb6-a7008054e489'}，已跳过。
2025-08-07 11:01:44 [INFO] HTTP Request: POST https://dashscope.aliyuncs.com/compatible-mode/v1/chat/completions "HTTP/1.1 400 Bad Request"
2025-08-07 11:01:44 [ERROR] 第157条请求出错：Error code: 400 - {'error': {'code': 'invalid_parameter_error', 'param': None, 'message': 'parameter.enable_thinking must be set to false for non-streaming calls', 'type': 'invalid_request_error'}, 'id': 'chatcmpl-c646d1fd-5517-9d52-9d5d-14a1be6cb416', 'request_id': 'c646d1fd-5517-9d52-9d5d-14a1be6cb416'}，已跳过。
2025-08-07 11:01:44 [INFO] HTTP Request: POST https://dashscope.aliyuncs.com/compatible-mode/v1/chat/completions "HTTP/1.1 400 Bad Request"
2025-08-07 11:01:44 [ERROR] 第158条请求出错：Error code: 400 - {'error': {'code': 'invalid_parameter_error', 'param': None, 'message': 'parameter.enable_thinking must be set to false for non-streaming calls', 'type': 'invalid_request_error'}, 'id': 'chatcmpl-e8ec7107-f717-9152-90c8-fa940df46309', 'request_id': 'e8ec7107-f717-9152-90c8-fa940df46309'}，已跳过。
2025-08-07 11:01:44 [INFO] HTTP Request: POST https://dashscope.aliyuncs.com/compatible-mode/v1/chat/completions "HTTP/1.1 400 Bad Request"
2025-08-07 11:01:44 [ERROR] 第159条请求出错：Error code: 400 - {'error': {'code': 'invalid_parameter_error', 'param': None, 'message': 'parameter.enable_thinking must be set to false for non-streaming calls', 'type': 'invalid_request_error'}, 'id': 'chatcmpl-420d3c85-0833-94b2-9576-f1397b6d06f2', 'request_id': '420d3c85-0833-94b2-9576-f1397b6d06f2'}，已跳过。
2025-08-07 11:01:44 [INFO] HTTP Request: POST https://dashscope.aliyuncs.com/compatible-mode/v1/chat/completions "HTTP/1.1 400 Bad Request"
2025-08-07 11:01:44 [ERROR] 第160条请求出错：Error code: 400 - {'error': {'code': 'invalid_parameter_error', 'param': None, 'message': 'parameter.enable_thinking must be set to false for non-streaming calls', 'type': 'invalid_request_error'}, 'id': 'chatcmpl-16c689d8-5320-98bc-aa94-7d6f9475bea7', 'request_id': '16c689d8-5320-98bc-aa94-7d6f9475bea7'}，已跳过。
2025-08-07 11:01:44 [INFO] HTTP Request: POST https://dashscope.aliyuncs.com/compatible-mode/v1/chat/completions "HTTP/1.1 400 Bad Request"
2025-08-07 11:01:44 [ERROR] 第161条请求出错：Error code: 400 - {'error': {'code': 'invalid_parameter_error', 'param': None, 'message': 'parameter.enable_thinking must be set to false for non-streaming calls', 'type': 'invalid_request_error'}, 'id': 'chatcmpl-86a0f523-1c1a-9bbb-9623-a07651c58514', 'request_id': '86a0f523-1c1a-9bbb-9623-a07651c58514'}，已跳过。
2025-08-07 11:01:44 [INFO] HTTP Request: POST https://dashscope.aliyuncs.com/compatible-mode/v1/chat/completions "HTTP/1.1 400 Bad Request"
2025-08-07 11:01:44 [ERROR] 第162条请求出错：Error code: 400 - {'error': {'code': 'invalid_parameter_error', 'param': None, 'message': 'parameter.enable_thinking must be set to false for non-streaming calls', 'type': 'invalid_request_error'}, 'id': 'chatcmpl-52fdcf60-dbf9-990f-af83-38b58a1457f3', 'request_id': '52fdcf60-dbf9-990f-af83-38b58a1457f3'}，已跳过。
2025-08-07 11:01:45 [INFO] HTTP Request: POST https://dashscope.aliyuncs.com/compatible-mode/v1/chat/completions "HTTP/1.1 400 Bad Request"
2025-08-07 11:01:45 [ERROR] 第163条请求出错：Error code: 400 - {'error': {'code': 'invalid_parameter_error', 'param': None, 'message': 'parameter.enable_thinking must be set to false for non-streaming calls', 'type': 'invalid_request_error'}, 'id': 'chatcmpl-12be9cba-fd95-9b2c-801a-8fb72b209f53', 'request_id': '12be9cba-fd95-9b2c-801a-8fb72b209f53'}，已跳过。
2025-08-07 11:01:45 [INFO] HTTP Request: POST https://dashscope.aliyuncs.com/compatible-mode/v1/chat/completions "HTTP/1.1 400 Bad Request"
2025-08-07 11:01:45 [ERROR] 第164条请求出错：Error code: 400 - {'error': {'code': 'invalid_parameter_error', 'param': None, 'message': 'parameter.enable_thinking must be set to false for non-streaming calls', 'type': 'invalid_request_error'}, 'id': 'chatcmpl-0fc37fff-9190-9fd7-93b8-43a7d906e8fd', 'request_id': '0fc37fff-9190-9fd7-93b8-43a7d906e8fd'}，已跳过。
2025-08-07 11:01:45 [INFO] HTTP Request: POST https://dashscope.aliyuncs.com/compatible-mode/v1/chat/completions "HTTP/1.1 400 Bad Request"
2025-08-07 11:01:45 [ERROR] 第165条请求出错：Error code: 400 - {'error': {'code': 'invalid_parameter_error', 'param': None, 'message': 'parameter.enable_thinking must be set to false for non-streaming calls', 'type': 'invalid_request_error'}, 'id': 'chatcmpl-f909a06b-e35b-97d6-9920-c71059fddc32', 'request_id': 'f909a06b-e35b-97d6-9920-c71059fddc32'}，已跳过。
2025-08-07 11:01:45 [INFO] HTTP Request: POST https://dashscope.aliyuncs.com/compatible-mode/v1/chat/completions "HTTP/1.1 400 Bad Request"
2025-08-07 11:01:45 [ERROR] 第166条请求出错：Error code: 400 - {'error': {'code': 'invalid_parameter_error', 'param': None, 'message': 'parameter.enable_thinking must be set to false for non-streaming calls', 'type': 'invalid_request_error'}, 'id': 'chatcmpl-dc0a129c-f8d6-997b-badc-75accee03c8d', 'request_id': 'dc0a129c-f8d6-997b-badc-75accee03c8d'}，已跳过。
2025-08-07 11:01:45 [INFO] HTTP Request: POST https://dashscope.aliyuncs.com/compatible-mode/v1/chat/completions "HTTP/1.1 400 Bad Request"
2025-08-07 11:01:45 [ERROR] 第167条请求出错：Error code: 400 - {'error': {'code': 'invalid_parameter_error', 'param': None, 'message': 'parameter.enable_thinking must be set to false for non-streaming calls', 'type': 'invalid_request_error'}, 'id': 'chatcmpl-3fda4cf5-fabc-945a-8ffb-e53ab6ac1157', 'request_id': '3fda4cf5-fabc-945a-8ffb-e53ab6ac1157'}，已跳过。
2025-08-07 11:01:45 [INFO] HTTP Request: POST https://dashscope.aliyuncs.com/compatible-mode/v1/chat/completions "HTTP/1.1 400 Bad Request"
2025-08-07 11:01:45 [ERROR] 第168条请求出错：Error code: 400 - {'error': {'code': 'invalid_parameter_error', 'param': None, 'message': 'parameter.enable_thinking must be set to false for non-streaming calls', 'type': 'invalid_request_error'}, 'id': 'chatcmpl-57df3b95-7c2e-9854-b8ce-0c9e895ac994', 'request_id': '57df3b95-7c2e-9854-b8ce-0c9e895ac994'}，已跳过。
2025-08-07 11:01:45 [INFO] HTTP Request: POST https://dashscope.aliyuncs.com/compatible-mode/v1/chat/completions "HTTP/1.1 400 Bad Request"
2025-08-07 11:01:45 [ERROR] 第169条请求出错：Error code: 400 - {'error': {'code': 'invalid_parameter_error', 'param': None, 'message': 'parameter.enable_thinking must be set to false for non-streaming calls', 'type': 'invalid_request_error'}, 'id': 'chatcmpl-56f4b1a5-c8a9-9208-8631-3a50b72251b4', 'request_id': '56f4b1a5-c8a9-9208-8631-3a50b72251b4'}，已跳过。
2025-08-07 11:01:46 [INFO] HTTP Request: POST https://dashscope.aliyuncs.com/compatible-mode/v1/chat/completions "HTTP/1.1 400 Bad Request"
2025-08-07 11:01:46 [ERROR] 第170条请求出错：Error code: 400 - {'error': {'code': 'invalid_parameter_error', 'param': None, 'message': 'parameter.enable_thinking must be set to false for non-streaming calls', 'type': 'invalid_request_error'}, 'id': 'chatcmpl-905b42d4-263a-935e-b3ab-cb4a0b359745', 'request_id': '905b42d4-263a-935e-b3ab-cb4a0b359745'}，已跳过。
2025-08-07 11:01:46 [INFO] HTTP Request: POST https://dashscope.aliyuncs.com/compatible-mode/v1/chat/completions "HTTP/1.1 400 Bad Request"
2025-08-07 11:01:46 [ERROR] 第171条请求出错：Error code: 400 - {'error': {'code': 'invalid_parameter_error', 'param': None, 'message': 'parameter.enable_thinking must be set to false for non-streaming calls', 'type': 'invalid_request_error'}, 'id': 'chatcmpl-882978bf-6c24-93fa-b9eb-663ef3e47c93', 'request_id': '882978bf-6c24-93fa-b9eb-663ef3e47c93'}，已跳过。
2025-08-07 11:01:46 [INFO] HTTP Request: POST https://dashscope.aliyuncs.com/compatible-mode/v1/chat/completions "HTTP/1.1 400 Bad Request"
2025-08-07 11:01:46 [ERROR] 第172条请求出错：Error code: 400 - {'error': {'code': 'invalid_parameter_error', 'param': None, 'message': 'parameter.enable_thinking must be set to false for non-streaming calls', 'type': 'invalid_request_error'}, 'id': 'chatcmpl-326c3332-ac88-9ec1-94f5-63e72c00296f', 'request_id': '326c3332-ac88-9ec1-94f5-63e72c00296f'}，已跳过。
2025-08-07 11:01:46 [INFO] HTTP Request: POST https://dashscope.aliyuncs.com/compatible-mode/v1/chat/completions "HTTP/1.1 400 Bad Request"
2025-08-07 11:01:46 [ERROR] 第173条请求出错：Error code: 400 - {'error': {'code': 'invalid_parameter_error', 'param': None, 'message': 'parameter.enable_thinking must be set to false for non-streaming calls', 'type': 'invalid_request_error'}, 'id': 'chatcmpl-deca5f8d-bdd2-9e1b-8568-8ee1ccb7fdce', 'request_id': 'deca5f8d-bdd2-9e1b-8568-8ee1ccb7fdce'}，已跳过。
2025-08-07 11:01:46 [INFO] HTTP Request: POST https://dashscope.aliyuncs.com/compatible-mode/v1/chat/completions "HTTP/1.1 400 Bad Request"
2025-08-07 11:01:46 [ERROR] 第174条请求出错：Error code: 400 - {'error': {'code': 'invalid_parameter_error', 'param': None, 'message': 'parameter.enable_thinking must be set to false for non-streaming calls', 'type': 'invalid_request_error'}, 'id': 'chatcmpl-06c43191-ee9d-9d08-b57f-dd35ef388b97', 'request_id': '06c43191-ee9d-9d08-b57f-dd35ef388b97'}，已跳过。
2025-08-07 11:01:46 [INFO] HTTP Request: POST https://dashscope.aliyuncs.com/compatible-mode/v1/chat/completions "HTTP/1.1 400 Bad Request"
2025-08-07 11:01:46 [ERROR] 第175条请求出错：Error code: 400 - {'error': {'code': 'invalid_parameter_error', 'param': None, 'message': 'parameter.enable_thinking must be set to false for non-streaming calls', 'type': 'invalid_request_error'}, 'id': 'chatcmpl-c96085bd-2b47-9510-8cf7-bed7501c47ea', 'request_id': 'c96085bd-2b47-9510-8cf7-bed7501c47ea'}，已跳过。
2025-08-07 11:01:47 [INFO] HTTP Request: POST https://dashscope.aliyuncs.com/compatible-mode/v1/chat/completions "HTTP/1.1 400 Bad Request"
2025-08-07 11:01:47 [ERROR] 第176条请求出错：Error code: 400 - {'error': {'code': 'invalid_parameter_error', 'param': None, 'message': 'parameter.enable_thinking must be set to false for non-streaming calls', 'type': 'invalid_request_error'}, 'id': 'chatcmpl-a37af6b2-f08b-9d01-b2f5-879db7687a4c', 'request_id': 'a37af6b2-f08b-9d01-b2f5-879db7687a4c'}，已跳过。
2025-08-07 11:01:47 [INFO] HTTP Request: POST https://dashscope.aliyuncs.com/compatible-mode/v1/chat/completions "HTTP/1.1 400 Bad Request"
2025-08-07 11:01:47 [ERROR] 第177条请求出错：Error code: 400 - {'error': {'code': 'invalid_parameter_error', 'param': None, 'message': 'parameter.enable_thinking must be set to false for non-streaming calls', 'type': 'invalid_request_error'}, 'id': 'chatcmpl-48fc24c1-2dbd-9da0-aa3d-0cacb6f7adfa', 'request_id': '48fc24c1-2dbd-9da0-aa3d-0cacb6f7adfa'}，已跳过。
2025-08-07 11:01:47 [INFO] HTTP Request: POST https://dashscope.aliyuncs.com/compatible-mode/v1/chat/completions "HTTP/1.1 400 Bad Request"
2025-08-07 11:01:47 [ERROR] 第178条请求出错：Error code: 400 - {'error': {'code': 'invalid_parameter_error', 'param': None, 'message': 'parameter.enable_thinking must be set to false for non-streaming calls', 'type': 'invalid_request_error'}, 'id': 'chatcmpl-67bc64ab-f6a3-982a-bd27-0e8df92c0210', 'request_id': '67bc64ab-f6a3-982a-bd27-0e8df92c0210'}，已跳过。
2025-08-07 11:01:47 [INFO] HTTP Request: POST https://dashscope.aliyuncs.com/compatible-mode/v1/chat/completions "HTTP/1.1 400 Bad Request"
2025-08-07 11:01:47 [ERROR] 第179条请求出错：Error code: 400 - {'error': {'code': 'invalid_parameter_error', 'param': None, 'message': 'parameter.enable_thinking must be set to false for non-streaming calls', 'type': 'invalid_request_error'}, 'id': 'chatcmpl-12c345e6-db0f-9e74-bcc8-968fdde44851', 'request_id': '12c345e6-db0f-9e74-bcc8-968fdde44851'}，已跳过。
2025-08-07 11:01:47 [INFO] HTTP Request: POST https://dashscope.aliyuncs.com/compatible-mode/v1/chat/completions "HTTP/1.1 400 Bad Request"
2025-08-07 11:01:47 [ERROR] 第180条请求出错：Error code: 400 - {'error': {'code': 'invalid_parameter_error', 'param': None, 'message': 'parameter.enable_thinking must be set to false for non-streaming calls', 'type': 'invalid_request_error'}, 'id': 'chatcmpl-6be08eaa-5acf-92b0-81bc-64ed452178e4', 'request_id': '6be08eaa-5acf-92b0-81bc-64ed452178e4'}，已跳过。
2025-08-07 11:01:48 [INFO] HTTP Request: POST https://dashscope.aliyuncs.com/compatible-mode/v1/chat/completions "HTTP/1.1 400 Bad Request"
2025-08-07 11:01:48 [ERROR] 第181条请求出错：Error code: 400 - {'error': {'code': 'invalid_parameter_error', 'param': None, 'message': 'parameter.enable_thinking must be set to false for non-streaming calls', 'type': 'invalid_request_error'}, 'id': 'chatcmpl-e7ba2ad5-89c8-979a-b17f-ba34cf06a852', 'request_id': 'e7ba2ad5-89c8-979a-b17f-ba34cf06a852'}，已跳过。
